
============================================================
[INFO] Pytest log file: /workspaces/resume-ner-azureml/outputs/pytest_logs/pytest_20260118_162545.log
============================================================

============================= test session starts ==============================
platform linux -- Python 3.10.19, pytest-9.0.2, pluggy-1.6.0
rootdir: /workspaces/resume-ner-azureml
configfile: pytest.ini
plugins: xdist-3.8.0, cov-7.0.0, asyncio-1.3.0, mock-3.15.1, anyio-4.12.1
asyncio: mode=auto, debug=False, asyncio_default_fixture_loop_scope=None, asyncio_default_test_loop_scope=function

----------------------------- live log collection ------------------------------
2026-01-18 16:25:47 INFO     infrastructure.tracking.mlflow.compatibility: Applied Azure ML artifact compatibility patch
collected 1409 items

tests/benchmarking/integration/test_benchmark_edge_cases.py::TestBenchmarkConfigEdgeCases::test_missing_benchmark_yaml_uses_defaults PASSED
tests/benchmarking/integration/test_benchmark_edge_cases.py::TestBenchmarkConfigEdgeCases::test_empty_batch_sizes_handled_gracefully PASSED
tests/benchmarking/integration/test_benchmark_edge_cases.py::TestBenchmarkConfigEdgeCases::test_non_integer_batch_sizes_type_check PASSED
tests/benchmarking/integration/test_benchmark_edge_cases.py::TestBenchmarkConfigEdgeCases::test_negative_iterations_handled PASSED
tests/benchmarking/integration/test_benchmark_edge_cases.py::TestBenchmarkConfigEdgeCases::test_zero_iterations_handled PASSED
tests/benchmarking/integration/test_benchmark_edge_cases.py::TestBenchmarkConfigEdgeCases::test_non_integer_iterations_type_check PASSED
tests/benchmarking/integration/test_benchmark_edge_cases.py::TestBenchmarkConfigEdgeCases::test_negative_warmup_iterations_handled PASSED
tests/benchmarking/integration/test_benchmark_edge_cases.py::TestBenchmarkConfigEdgeCases::test_non_integer_warmup_type_check PASSED
tests/benchmarking/integration/test_benchmark_edge_cases.py::TestBenchmarkConfigEdgeCases::test_negative_max_length_handled PASSED
tests/benchmarking/integration/test_benchmark_edge_cases.py::TestBenchmarkConfigEdgeCases::test_zero_max_length_handled PASSED
tests/benchmarking/integration/test_benchmark_edge_cases.py::TestBenchmarkConfigEdgeCases::test_non_integer_max_length_type_check PASSED
tests/benchmarking/integration/test_benchmark_edge_cases.py::TestBenchmarkConfigEdgeCases::test_invalid_device_value_handled PASSED
tests/benchmarking/integration/test_benchmark_edge_cases.py::TestBenchmarkConfigEdgeCases::test_test_data_nonexistent_path_handled PASSED
tests/benchmarking/integration/test_benchmark_edge_cases.py::TestBenchmarkConfigEdgeCases::test_test_data_resolution_fallback_logic PASSED
tests/benchmarking/integration/test_benchmark_edge_cases.py::TestBenchmarkConfigEdgeCases::test_output_filename_with_path_separators PASSED
tests/benchmarking/integration/test_benchmark_edge_cases.py::TestBenchmarkConfigEdgeCases::test_missing_benchmarking_section_uses_defaults PASSED
tests/benchmarking/integration/test_benchmark_edge_cases.py::TestBenchmarkConfigEdgeCases::test_missing_output_section_uses_defaults PASSED
tests/benchmarking/integration/test_benchmark_edge_cases.py::TestBenchmarkConfigEdgeCases::test_benchmark_best_trials_handles_missing_test_data 
-------------------------------- live log call ---------------------------------
2026-01-18 16:25:49 INFO     evaluation.benchmarking.orchestrator_original: Skipping benchmarking (test data not available)
PASSED
tests/benchmarking/integration/test_benchmark_edge_cases.py::TestBenchmarkConfigEdgeCases::test_run_benchmarking_handles_missing_benchmark_script Warning: Benchmark script not found: /tmp/pytest-of-codespace/pytest-120/test_run_benchmarking_handles_0/src/evaluation/benchmarking/cli.py
PASSED
tests/benchmarking/integration/test_benchmark_edge_cases.py::TestBenchmarkConfigEdgeCases::test_run_benchmarking_handles_subprocess_failure 
-------------------------------- live log call ---------------------------------
2026-01-18 16:25:49 INFO     evaluation.benchmarking.utils: Running benchmark script: /opt/conda/envs/resume-ner-training/bin/python -u /tmp/pytest-of-codespace/pytest-120/test_run_benchmarking_handles_1/src/evaluation/benchmarking/cli.py --checkpoint /tmp/pytest-of-codespace/pytest-120/test_run_benchmarking_handles_1/checkpoint --test-data /tmp/pytest-of-codespace/pytest-120/test_run_benchmarking_handles_1/test.json --batch-sizes 1 8 --iterations 100 --warmup 10 --max-length 512 --output /tmp/pytest-of-codespace/pytest-120/test_run_benchmarking_handles_1/benchmark.json
2026-01-18 16:25:49 ERROR    evaluation.benchmarking.utils: Benchmarking failed with return code 1
PASSED
tests/benchmarking/integration/test_benchmark_mlflow_tracking.py::TestBenchmarkMlflowTrackingWithTrialId::test_benchmark_passes_trial_id_to_run_benchmarking 
-------------------------------- live log call ---------------------------------
2026-01-18 16:25:49 INFO     evaluation.benchmarking.orchestrator_original: Benchmarking distilbert (trial-25d03eeb)...
2026-01-18 16:25:49 WARNING  evaluation.benchmarking.orchestrator_original: [BENCHMARK] Could not find trial run in MLflow for trial_key_hash=xyz789uvw012...
2026-01-18 16:25:49 INFO     evaluation.benchmarking.orchestrator_original: [BENCHMARK] Final run IDs: trial=None..., refit=None..., sweep=None...
2026-01-18 16:25:49 INFO     evaluation.benchmarking.orchestrator_original: Benchmark completed: /tmp/pytest-of-codespace/pytest-120/test_benchmark_passes_trial_id0/outputs/benchmarking/test/benchmark.json
2026-01-18 16:25:49 INFO     evaluation.benchmarking.orchestrator_original: Benchmarking complete. 1/1 trials benchmarked.
PASSED
tests/benchmarking/integration/test_benchmark_mlflow_tracking.py::TestBenchmarkMlflowTrackingWithTrialId::test_benchmark_passes_trial_id_old_format 
-------------------------------- live log call ---------------------------------
2026-01-18 16:25:49 INFO     evaluation.benchmarking.orchestrator_original: Benchmarking distilbert (trial_1_20251231_161745)...
2026-01-18 16:25:49 WARNING  evaluation.benchmarking.orchestrator_original: [BENCHMARK] Could not find trial run in MLflow for trial_key_hash=xyz789uvw012...
2026-01-18 16:25:49 INFO     evaluation.benchmarking.orchestrator_original: [BENCHMARK] Final run IDs: trial=None..., refit=None..., sweep=None...
2026-01-18 16:25:49 INFO     evaluation.benchmarking.orchestrator_original: Benchmark completed: /tmp/pytest-of-codespace/pytest-120/test_benchmark_passes_trial_id1/outputs/benchmarking/test/benchmark.json
2026-01-18 16:25:49 INFO     evaluation.benchmarking.orchestrator_original: Benchmarking complete. 1/1 trials benchmarked.
PASSED
tests/benchmarking/integration/test_benchmark_mlflow_tracking.py::TestBenchmarkMlflowTrackingWithTrialId::test_run_benchmarking_mlflow_tracking_with_trial_id 
-------------------------------- live log call ---------------------------------
2026-01-18 16:25:49 INFO     evaluation.benchmarking.utils: Running benchmark script: /opt/conda/envs/resume-ner-training/bin/python -u /tmp/pytest-of-codespace/pytest-120/test_run_benchmarking_mlflow_t0/src/evaluation/benchmarking/cli.py --checkpoint /tmp/pytest-of-codespace/pytest-120/test_run_benchmarking_mlflow_t0/checkpoint --test-data /tmp/pytest-of-codespace/pytest-120/test_run_benchmarking_mlflow_t0/test.json --batch-sizes 1 --iterations 100 --warmup 10 --max-length 512 --output /tmp/pytest-of-codespace/pytest-120/test_run_benchmarking_mlflow_t0/benchmark.json
2026-01-18 16:25:49 INFO     evaluation.benchmarking.utils: [Benchmark Run Name] Building run name: trial_id=trial-25d03eeb, root_dir=/tmp/pytest-of-codespace/pytest-120/test_run_benchmarking_mlflow_t0, config_dir=/tmp/pytest-of-codespace/pytest-120/test_run_benchmarking_mlflow_t0/config
2026-01-18 16:25:49 INFO     evaluation.benchmarking.utils: [Benchmark Run Name] Generated run name: local_distilbert_benchmark_trial-25d03eeb
PASSED
tests/benchmarking/integration/test_benchmark_mlflow_tracking.py::TestBenchmarkMlflowTrackingWithTrialId::test_run_benchmarking_mlflow_tracking_fallback_to_trial_key_hash 
-------------------------------- live log call ---------------------------------
2026-01-18 16:25:49 INFO     evaluation.benchmarking.utils: Running benchmark script: /opt/conda/envs/resume-ner-training/bin/python -u /tmp/pytest-of-codespace/pytest-120/test_run_benchmarking_mlflow_t1/src/evaluation/benchmarking/cli.py --checkpoint /tmp/pytest-of-codespace/pytest-120/test_run_benchmarking_mlflow_t1/checkpoint --test-data /tmp/pytest-of-codespace/pytest-120/test_run_benchmarking_mlflow_t1/test.json --batch-sizes 1 --iterations 100 --warmup 10 --max-length 512 --output /tmp/pytest-of-codespace/pytest-120/test_run_benchmarking_mlflow_t1/benchmark.json
2026-01-18 16:25:49 INFO     evaluation.benchmarking.utils: [Benchmark Run Name] Constructed trial_id from trial_key_hash: trial-25d03eeb
2026-01-18 16:25:49 INFO     evaluation.benchmarking.utils: [Benchmark Run Name] Building run name: trial_id=trial-25d03eeb, root_dir=/tmp/pytest-of-codespace/pytest-120/test_run_benchmarking_mlflow_t1, config_dir=/tmp/pytest-of-codespace/pytest-120/test_run_benchmarking_mlflow_t1/config
2026-01-18 16:25:49 INFO     evaluation.benchmarking.utils: [Benchmark Run Name] Generated run name: local_distilbert_benchmark_trial-25d03eeb
PASSED
tests/benchmarking/integration/test_benchmark_orchestrator.py::TestBenchmarkOrchestratorConfigUsage::test_benchmark_best_trials_uses_config_batch_sizes 
-------------------------------- live log call ---------------------------------
2026-01-18 16:25:49 INFO     evaluation.benchmarking.orchestrator_original: Benchmarking distilbert (trial_0)...
2026-01-18 16:25:49 WARNING  evaluation.benchmarking.orchestrator_original: [BENCHMARK] Could not find trial run in MLflow for trial_key_hash=bbbbbbbbbbbbbbbb...
2026-01-18 16:25:49 INFO     evaluation.benchmarking.orchestrator_original: [BENCHMARK] Final run IDs: trial=None..., refit=None..., sweep=None...
2026-01-18 16:25:49 INFO     evaluation.benchmarking.orchestrator_original: Benchmark completed: /tmp/pytest-of-codespace/pytest-120/test_benchmark_best_trials_use0/outputs/benchmarking/test/benchmark.json
2026-01-18 16:25:49 INFO     evaluation.benchmarking.orchestrator_original: Benchmarking complete. 1/1 trials benchmarked.
PASSED
tests/benchmarking/integration/test_benchmark_orchestrator.py::TestBenchmarkOrchestratorConfigUsage::test_benchmark_best_trials_uses_config_iterations 
-------------------------------- live log call ---------------------------------
2026-01-18 16:25:49 INFO     evaluation.benchmarking.orchestrator_original: Benchmarking distilbert (trial_0)...
2026-01-18 16:25:49 WARNING  evaluation.benchmarking.orchestrator_original: [BENCHMARK] Could not find trial run in MLflow for trial_key_hash=bbbbbbbbbbbbbbbb...
2026-01-18 16:25:49 INFO     evaluation.benchmarking.orchestrator_original: [BENCHMARK] Final run IDs: trial=None..., refit=None..., sweep=None...
2026-01-18 16:25:49 INFO     evaluation.benchmarking.orchestrator_original: Benchmark completed: /tmp/pytest-of-codespace/pytest-120/test_benchmark_best_trials_use1/outputs/benchmarking/test/benchmark.json
2026-01-18 16:25:49 INFO     evaluation.benchmarking.orchestrator_original: Benchmarking complete. 1/1 trials benchmarked.
PASSED
tests/benchmarking/integration/test_benchmark_orchestrator.py::TestBenchmarkOrchestratorConfigUsage::test_benchmark_best_trials_uses_config_warmup 
-------------------------------- live log call ---------------------------------
2026-01-18 16:25:49 INFO     evaluation.benchmarking.orchestrator_original: Benchmarking distilbert (trial_0)...
2026-01-18 16:25:49 WARNING  evaluation.benchmarking.orchestrator_original: [BENCHMARK] Could not find trial run in MLflow for trial_key_hash=bbbbbbbbbbbbbbbb...
2026-01-18 16:25:49 INFO     evaluation.benchmarking.orchestrator_original: [BENCHMARK] Final run IDs: trial=None..., refit=None..., sweep=None...
2026-01-18 16:25:49 INFO     evaluation.benchmarking.orchestrator_original: Benchmark completed: /tmp/pytest-of-codespace/pytest-120/test_benchmark_best_trials_use2/outputs/benchmarking/test/benchmark.json
2026-01-18 16:25:49 INFO     evaluation.benchmarking.orchestrator_original: Benchmarking complete. 1/1 trials benchmarked.
PASSED
tests/benchmarking/integration/test_benchmark_orchestrator.py::TestBenchmarkOrchestratorConfigUsage::test_benchmark_best_trials_uses_config_max_length 
-------------------------------- live log call ---------------------------------
2026-01-18 16:25:49 INFO     evaluation.benchmarking.orchestrator_original: Benchmarking distilbert (trial_0)...
2026-01-18 16:25:49 WARNING  evaluation.benchmarking.orchestrator_original: [BENCHMARK] Could not find trial run in MLflow for trial_key_hash=bbbbbbbbbbbbbbbb...
2026-01-18 16:25:49 INFO     evaluation.benchmarking.orchestrator_original: [BENCHMARK] Final run IDs: trial=None..., refit=None..., sweep=None...
2026-01-18 16:25:49 INFO     evaluation.benchmarking.orchestrator_original: Benchmark completed: /tmp/pytest-of-codespace/pytest-120/test_benchmark_best_trials_use3/outputs/benchmarking/test/benchmark.json
2026-01-18 16:25:49 INFO     evaluation.benchmarking.orchestrator_original: Benchmarking complete. 1/1 trials benchmarked.
PASSED
tests/benchmarking/integration/test_benchmark_orchestrator.py::TestBenchmarkOrchestratorConfigUsage::test_benchmark_best_trials_uses_config_device 
-------------------------------- live log call ---------------------------------
2026-01-18 16:25:49 INFO     evaluation.benchmarking.orchestrator_original: Benchmarking distilbert (trial_0)...
2026-01-18 16:25:49 WARNING  evaluation.benchmarking.orchestrator_original: [BENCHMARK] Could not find trial run in MLflow for trial_key_hash=bbbbbbbbbbbbbbbb...
2026-01-18 16:25:49 INFO     evaluation.benchmarking.orchestrator_original: [BENCHMARK] Final run IDs: trial=None..., refit=None..., sweep=None...
2026-01-18 16:25:49 INFO     evaluation.benchmarking.orchestrator_original: Benchmark completed: /tmp/pytest-of-codespace/pytest-120/test_benchmark_best_trials_use4/outputs/benchmarking/test/custom_benchmark.json
2026-01-18 16:25:49 INFO     evaluation.benchmarking.orchestrator_original: Benchmarking complete. 1/1 trials benchmarked.
PASSED
tests/benchmarking/integration/test_benchmark_orchestrator.py::TestBenchmarkOrchestratorConfigUsage::test_benchmark_best_trials_uses_output_filename 
-------------------------------- live log call ---------------------------------
2026-01-18 16:25:49 INFO     evaluation.benchmarking.orchestrator_original: Benchmarking distilbert (trial_0)...
2026-01-18 16:25:49 WARNING  evaluation.benchmarking.orchestrator_original: [BENCHMARK] Could not find trial run in MLflow for trial_key_hash=bbbbbbbbbbbbbbbb...
2026-01-18 16:25:49 INFO     evaluation.benchmarking.orchestrator_original: [BENCHMARK] Final run IDs: trial=None..., refit=None..., sweep=None...
2026-01-18 16:25:49 INFO     evaluation.benchmarking.orchestrator_original: Benchmark completed: /tmp/pytest-of-codespace/pytest-120/test_benchmark_best_trials_use5/outputs/benchmarking/test/benchmark.json
2026-01-18 16:25:49 INFO     evaluation.benchmarking.orchestrator_original: Benchmarking complete. 1/1 trials benchmarked.
PASSED
tests/benchmarking/integration/test_benchmark_orchestrator.py::TestBenchmarkOrchestratorConfigUsage::test_benchmark_best_trials_uses_custom_output_filename 
-------------------------------- live log call ---------------------------------
2026-01-18 16:25:49 INFO     evaluation.benchmarking.orchestrator_original: Benchmarking distilbert (trial_0)...
2026-01-18 16:25:49 WARNING  evaluation.benchmarking.orchestrator_original: [BENCHMARK] Could not find trial run in MLflow for trial_key_hash=bbbbbbbbbbbbbbbb...
2026-01-18 16:25:49 INFO     evaluation.benchmarking.orchestrator_original: [BENCHMARK] Final run IDs: trial=None..., refit=None..., sweep=None...
2026-01-18 16:25:49 INFO     evaluation.benchmarking.orchestrator_original: Benchmark completed: /tmp/pytest-of-codespace/pytest-120/test_benchmark_best_trials_use6/outputs/benchmarking/test/custom_benchmark.json
2026-01-18 16:25:49 INFO     evaluation.benchmarking.orchestrator_original: Benchmarking complete. 1/1 trials benchmarked.
PASSED
tests/benchmarking/integration/test_benchmark_orchestrator.py::TestBenchmarkOrchestratorConfigUsage::test_benchmark_best_trials_all_config_options_together 
-------------------------------- live log call ---------------------------------
2026-01-18 16:25:49 INFO     evaluation.benchmarking.orchestrator_original: Benchmarking distilbert (trial_0)...
2026-01-18 16:25:49 WARNING  evaluation.benchmarking.orchestrator_original: [BENCHMARK] Could not find trial run in MLflow for trial_key_hash=bbbbbbbbbbbbbbbb...
2026-01-18 16:25:49 INFO     evaluation.benchmarking.orchestrator_original: [BENCHMARK] Final run IDs: trial=None..., refit=None..., sweep=None...
2026-01-18 16:25:49 INFO     evaluation.benchmarking.orchestrator_original: Benchmark completed: /tmp/pytest-of-codespace/pytest-120/test_benchmark_best_trials_all0/outputs/benchmarking/test/custom_benchmark.json
2026-01-18 16:25:49 INFO     evaluation.benchmarking.orchestrator_original: Benchmarking complete. 1/1 trials benchmarked.
PASSED
tests/benchmarking/integration/test_benchmark_orchestrator.py::TestBenchmarkOrchestratorConfigUsage::test_benchmark_best_trials_defaults_when_config_missing 
-------------------------------- live log call ---------------------------------
2026-01-18 16:25:49 WARNING  infrastructure.paths.resolve: Failed to load paths.yaml config: Paths configuration file not found: /tmp/pytest-of-codespace/pytest-120/test_benchmark_best_trials_def0/outputs/config/paths.yaml. Please ensure config/paths.yaml exists in the repository root.. Using fallback logic.
2026-01-18 16:25:49 INFO     evaluation.benchmarking.orchestrator_original: Benchmarking distilbert (trial_0)...
2026-01-18 16:25:49 WARNING  evaluation.benchmarking.orchestrator_original: [BENCHMARK] Could not find trial run in MLflow for trial_key_hash=bbbbbbbbbbbbbbbb...
2026-01-18 16:25:49 INFO     evaluation.benchmarking.orchestrator_original: [BENCHMARK] Final run IDs: trial=None..., refit=None..., sweep=None...
Warning: Benchmark script not found: /tmp/pytest-of-codespace/pytest-120/test_benchmark_best_trials_def0/outputs/src/evaluation/benchmarking/cli.py
2026-01-18 16:25:49 ERROR    evaluation.benchmarking.orchestrator_original: Benchmark failed for distilbert
2026-01-18 16:25:49 INFO     evaluation.benchmarking.orchestrator_original: Benchmarking complete. 0/1 trials benchmarked.
PASSED
tests/benchmarking/integration/test_benchmark_run_mode_idempotency.py::TestRunModeIntegration::test_force_new_returns_all_champions 
-------------------------------- live log call ---------------------------------
2026-01-18 16:25:49 INFO     evaluation.benchmarking.filter: Run mode is 'force_new' - skipping idempotency check, will benchmark all champions
PASSED
tests/benchmarking/integration/test_benchmark_run_mode_idempotency.py::TestRunModeIntegration::test_reuse_if_exists_filters_existing_benchmarks 
-------------------------------- live log call ---------------------------------
2026-01-18 16:25:49 INFO     evaluation.benchmarking.filter: Skipping distilbert - benchmark already exists (trial_key_hash=trial_hash_456...)
PASSED
tests/benchmarking/integration/test_benchmark_run_mode_idempotency.py::TestRunModeIntegration::test_get_benchmark_run_mode_from_config PASSED
tests/benchmarking/integration/test_benchmark_run_mode_idempotency.py::TestBenchmarkKeyIdempotencyIntegration::test_benchmark_key_primary_check_succeeds PASSED
tests/benchmarking/integration/test_benchmark_run_mode_idempotency.py::TestBenchmarkKeyIdempotencyIntegration::test_benchmark_key_primary_check_fails_then_fallback 
-------------------------------- live log call ---------------------------------
2026-01-18 16:25:49 WARNING  evaluation.benchmarking.existence_checker: Found 1 finished benchmark run(s) by hash (fallback). Consider setting benchmark_key tag for more reliable idempotency. trial_key_hash=trial_hash_456...
PASSED
tests/benchmarking/integration/test_benchmark_run_mode_idempotency.py::TestBenchmarkKeyIdempotencyIntegration::test_benchmark_key_changes_with_config_creates_new_benchmark PASSED
tests/benchmarking/integration/test_benchmark_run_mode_idempotency.py::TestBenchmarkKeyIdempotencyIntegration::test_benchmark_key_same_config_reuses_benchmark PASSED
tests/benchmarking/integration/test_benchmark_run_mode_idempotency.py::TestBackwardCompatibilityFallback::test_fallback_to_hash_when_benchmark_key_tag_missing 
-------------------------------- live log call ---------------------------------
2026-01-18 16:25:49 WARNING  evaluation.benchmarking.existence_checker: Found 1 finished benchmark run(s) by hash (fallback). Consider setting benchmark_key tag for more reliable idempotency. trial_key_hash=trial_hash_456...
PASSED
tests/benchmarking/integration/test_benchmark_run_mode_idempotency.py::TestBackwardCompatibilityFallback::test_fallback_requires_both_hashes PASSED
tests/benchmarking/integration/test_benchmark_run_mode_idempotency.py::TestCompleteWorkflowScenarios::test_scenario_reuse_if_exists_with_existing_benchmark 
-------------------------------- live log call ---------------------------------
2026-01-18 16:25:49 INFO     evaluation.benchmarking.filter: Skipping distilbert - benchmark already exists (trial_key_hash=trial_hash_456...)
PASSED
tests/benchmarking/integration/test_benchmark_run_mode_idempotency.py::TestCompleteWorkflowScenarios::test_scenario_reuse_if_exists_without_existing_benchmark PASSED
tests/benchmarking/integration/test_benchmark_run_mode_idempotency.py::TestCompleteWorkflowScenarios::test_scenario_force_new_always_creates 
-------------------------------- live log call ---------------------------------
2026-01-18 16:25:49 INFO     evaluation.benchmarking.filter: Run mode is 'force_new' - skipping idempotency check, will benchmark all champions
PASSED
tests/benchmarking/integration/test_benchmark_run_mode_idempotency.py::TestCompleteWorkflowScenarios::test_scenario_config_change_creates_new_benchmark PASSED
tests/benchmarking/integration/test_benchmark_utils.py::TestBenchmarkUtilsConfigUsage::test_run_benchmarking_uses_batch_sizes 
-------------------------------- live log call ---------------------------------
2026-01-18 16:25:49 INFO     evaluation.benchmarking.utils: Running benchmark script: /opt/conda/envs/resume-ner-training/bin/python -u /tmp/pytest-of-codespace/pytest-120/test_run_benchmarking_uses_bat0/src/evaluation/benchmarking/cli.py --checkpoint /tmp/pytest-of-codespace/pytest-120/test_run_benchmarking_uses_bat0/checkpoint --test-data /tmp/pytest-of-codespace/pytest-120/test_run_benchmarking_uses_bat0/test.json --batch-sizes 1 8 16 --iterations 100 --warmup 10 --max-length 512 --output /tmp/pytest-of-codespace/pytest-120/test_run_benchmarking_uses_bat0/benchmark.json
PASSED
tests/benchmarking/integration/test_benchmark_utils.py::TestBenchmarkUtilsConfigUsage::test_run_benchmarking_uses_iterations 
-------------------------------- live log call ---------------------------------
2026-01-18 16:25:49 INFO     evaluation.benchmarking.utils: Running benchmark script: /opt/conda/envs/resume-ner-training/bin/python -u /tmp/pytest-of-codespace/pytest-120/test_run_benchmarking_uses_ite0/src/evaluation/benchmarking/cli.py --checkpoint /tmp/pytest-of-codespace/pytest-120/test_run_benchmarking_uses_ite0/checkpoint --test-data /tmp/pytest-of-codespace/pytest-120/test_run_benchmarking_uses_ite0/test.json --batch-sizes 1 8 --iterations 100 --warmup 10 --max-length 512 --output /tmp/pytest-of-codespace/pytest-120/test_run_benchmarking_uses_ite0/benchmark.json
PASSED
tests/benchmarking/integration/test_benchmark_utils.py::TestBenchmarkUtilsConfigUsage::test_run_benchmarking_uses_warmup_iterations 
-------------------------------- live log call ---------------------------------
2026-01-18 16:25:49 INFO     evaluation.benchmarking.utils: Running benchmark script: /opt/conda/envs/resume-ner-training/bin/python -u /tmp/pytest-of-codespace/pytest-120/test_run_benchmarking_uses_war0/src/evaluation/benchmarking/cli.py --checkpoint /tmp/pytest-of-codespace/pytest-120/test_run_benchmarking_uses_war0/checkpoint --test-data /tmp/pytest-of-codespace/pytest-120/test_run_benchmarking_uses_war0/test.json --batch-sizes 1 8 --iterations 100 --warmup 10 --max-length 512 --output /tmp/pytest-of-codespace/pytest-120/test_run_benchmarking_uses_war0/benchmark.json
PASSED
tests/benchmarking/integration/test_benchmark_utils.py::TestBenchmarkUtilsConfigUsage::test_run_benchmarking_uses_max_length 
-------------------------------- live log call ---------------------------------
2026-01-18 16:25:49 INFO     evaluation.benchmarking.utils: Running benchmark script: /opt/conda/envs/resume-ner-training/bin/python -u /tmp/pytest-of-codespace/pytest-120/test_run_benchmarking_uses_max0/src/evaluation/benchmarking/cli.py --checkpoint /tmp/pytest-of-codespace/pytest-120/test_run_benchmarking_uses_max0/checkpoint --test-data /tmp/pytest-of-codespace/pytest-120/test_run_benchmarking_uses_max0/test.json --batch-sizes 1 8 --iterations 100 --warmup 10 --max-length 512 --output /tmp/pytest-of-codespace/pytest-120/test_run_benchmarking_uses_max0/benchmark.json
PASSED
tests/benchmarking/integration/test_benchmark_utils.py::TestBenchmarkUtilsConfigUsage::test_run_benchmarking_uses_device_when_provided 
-------------------------------- live log call ---------------------------------
2026-01-18 16:25:49 INFO     evaluation.benchmarking.utils: Running benchmark script: /opt/conda/envs/resume-ner-training/bin/python -u /tmp/pytest-of-codespace/pytest-120/test_run_benchmarking_uses_dev0/src/evaluation/benchmarking/cli.py --checkpoint /tmp/pytest-of-codespace/pytest-120/test_run_benchmarking_uses_dev0/checkpoint --test-data /tmp/pytest-of-codespace/pytest-120/test_run_benchmarking_uses_dev0/test.json --batch-sizes 1 8 --iterations 100 --warmup 10 --max-length 512 --output /tmp/pytest-of-codespace/pytest-120/test_run_benchmarking_uses_dev0/benchmark.json --device cuda
PASSED
tests/benchmarking/integration/test_benchmark_utils.py::TestBenchmarkUtilsConfigUsage::test_run_benchmarking_skips_device_when_null 
-------------------------------- live log call ---------------------------------
2026-01-18 16:25:49 INFO     evaluation.benchmarking.utils: Running benchmark script: /opt/conda/envs/resume-ner-training/bin/python -u /tmp/pytest-of-codespace/pytest-120/test_run_benchmarking_skips_de0/src/evaluation/benchmarking/cli.py --checkpoint /tmp/pytest-of-codespace/pytest-120/test_run_benchmarking_skips_de0/checkpoint --test-data /tmp/pytest-of-codespace/pytest-120/test_run_benchmarking_skips_de0/test.json --batch-sizes 1 8 --iterations 100 --warmup 10 --max-length 512 --output /tmp/pytest-of-codespace/pytest-120/test_run_benchmarking_skips_de0/benchmark.json
PASSED
tests/benchmarking/integration/test_benchmark_utils.py::TestBenchmarkUtilsConfigUsage::test_run_benchmarking_uses_output_path 
-------------------------------- live log call ---------------------------------
2026-01-18 16:25:49 INFO     evaluation.benchmarking.utils: Running benchmark script: /opt/conda/envs/resume-ner-training/bin/python -u /tmp/pytest-of-codespace/pytest-120/test_run_benchmarking_uses_out0/src/evaluation/benchmarking/cli.py --checkpoint /tmp/pytest-of-codespace/pytest-120/test_run_benchmarking_uses_out0/checkpoint --test-data /tmp/pytest-of-codespace/pytest-120/test_run_benchmarking_uses_out0/test.json --batch-sizes 1 8 --iterations 100 --warmup 10 --max-length 512 --output /tmp/pytest-of-codespace/pytest-120/test_run_benchmarking_uses_out0/benchmark.json
PASSED
tests/benchmarking/integration/test_benchmark_utils.py::TestBenchmarkUtilsConfigUsage::test_run_benchmarking_all_config_options_together 
-------------------------------- live log call ---------------------------------
2026-01-18 16:25:49 INFO     evaluation.benchmarking.utils: Running benchmark script: /opt/conda/envs/resume-ner-training/bin/python -u /tmp/pytest-of-codespace/pytest-120/test_run_benchmarking_all_conf0/src/evaluation/benchmarking/cli.py --checkpoint /tmp/pytest-of-codespace/pytest-120/test_run_benchmarking_all_conf0/checkpoint --test-data /tmp/pytest-of-codespace/pytest-120/test_run_benchmarking_all_conf0/test.json --batch-sizes 2 4 32 --iterations 200 --warmup 20 --max-length 256 --output /tmp/pytest-of-codespace/pytest-120/test_run_benchmarking_all_conf0/custom_benchmark.json --device cuda
PASSED
tests/benchmarking/integration/test_benchmark_workflow.py::TestBenchmarkWorkflow::test_workflow_loads_config_and_uses_all_options 
-------------------------------- live log call ---------------------------------
2026-01-18 16:25:49 INFO     evaluation.benchmarking.orchestrator_original: Benchmarking distilbert (trial_0)...
2026-01-18 16:25:49 WARNING  evaluation.benchmarking.orchestrator_original: [BENCHMARK] Could not find trial run in MLflow for trial_key_hash=bbbbbbbbbbbbbbbb...
2026-01-18 16:25:49 INFO     evaluation.benchmarking.orchestrator_original: [BENCHMARK] Final run IDs: trial=None..., refit=None..., sweep=None...
2026-01-18 16:25:49 INFO     evaluation.benchmarking.orchestrator_original: Benchmark completed: /tmp/pytest-of-codespace/pytest-120/test_workflow_loads_config_and0/outputs/benchmarking/test/benchmark.json
2026-01-18 16:25:49 INFO     evaluation.benchmarking.orchestrator_original: Benchmarking complete. 1/1 trials benchmarked.
PASSED
tests/benchmarking/integration/test_benchmark_workflow.py::TestBenchmarkWorkflow::test_workflow_custom_config_values 
-------------------------------- live log call ---------------------------------
2026-01-18 16:25:49 INFO     evaluation.benchmarking.utils: Running benchmark script: /opt/conda/envs/resume-ner-training/bin/python -u /tmp/pytest-of-codespace/pytest-120/test_workflow_custom_config_va0/src/evaluation/benchmarking/cli.py --checkpoint /tmp/pytest-of-codespace/pytest-120/test_workflow_custom_config_va0/checkpoint --test-data /tmp/pytest-of-codespace/pytest-120/test_workflow_custom_config_va0/test.json --batch-sizes 2 4 32 --iterations 200 --warmup 20 --max-length 256 --output /tmp/pytest-of-codespace/pytest-120/test_workflow_custom_config_va0/custom_benchmark.json --device cuda
PASSED
tests/benchmarking/integration/test_benchmark_workflow.py::TestBenchmarkWorkflow::test_workflow_defaults_when_config_missing 
-------------------------------- live log call ---------------------------------
2026-01-18 16:25:49 INFO     evaluation.benchmarking.orchestrator_original: Benchmarking distilbert (trial_0)...
2026-01-18 16:25:49 WARNING  evaluation.benchmarking.orchestrator_original: [BENCHMARK] Could not find trial run in MLflow for trial_key_hash=bbbbbbbbbbbbbbbb...
2026-01-18 16:25:49 INFO     evaluation.benchmarking.orchestrator_original: [BENCHMARK] Final run IDs: trial=None..., refit=None..., sweep=None...
2026-01-18 16:25:49 INFO     evaluation.benchmarking.orchestrator_original: Benchmark completed: /tmp/pytest-of-codespace/pytest-120/test_workflow_defaults_when_co0/outputs/benchmarking/test/benchmark.json
2026-01-18 16:25:49 INFO     evaluation.benchmarking.orchestrator_original: Benchmarking complete. 1/1 trials benchmarked.
PASSED
tests/benchmarking/unit/test_benchmark_config.py::TestBenchmarkConfigLoading::test_load_experiment_config_includes_benchmark PASSED
tests/benchmarking/unit/test_benchmark_config.py::TestBenchmarkConfigLoading::test_load_experiment_config_defaults_to_benchmark_yaml PASSED
tests/benchmarking/unit/test_benchmark_config.py::TestBenchmarkConfigLoading::test_load_all_configs_loads_benchmark_if_exists PASSED
tests/benchmarking/unit/test_benchmark_config.py::TestBenchmarkConfigLoading::test_load_all_configs_skips_benchmark_if_not_exists PASSED
tests/benchmarking/unit/test_benchmark_config.py::TestBenchmarkConfigLoading::test_load_benchmark_config_structure PASSED
tests/benchmarking/unit/test_benchmark_config.py::TestBenchmarkConfigLoading::test_load_benchmark_config_with_custom_values PASSED
tests/benchmarking/unit/test_benchmark_config_options.py::TestBenchmarkConfigOptions::test_batch_sizes_extraction PASSED
tests/benchmarking/unit/test_benchmark_config_options.py::TestBenchmarkConfigOptions::test_batch_sizes_default PASSED
tests/benchmarking/unit/test_benchmark_config_options.py::TestBenchmarkConfigOptions::test_batch_sizes_custom_values PASSED
tests/benchmarking/unit/test_benchmark_config_options.py::TestBenchmarkConfigOptions::test_iterations_extraction PASSED
tests/benchmarking/unit/test_benchmark_config_options.py::TestBenchmarkConfigOptions::test_iterations_default PASSED
tests/benchmarking/unit/test_benchmark_config_options.py::TestBenchmarkConfigOptions::test_iterations_custom_value PASSED
tests/benchmarking/unit/test_benchmark_config_options.py::TestBenchmarkConfigOptions::test_warmup_iterations_extraction PASSED
tests/benchmarking/unit/test_benchmark_config_options.py::TestBenchmarkConfigOptions::test_warmup_iterations_default PASSED
tests/benchmarking/unit/test_benchmark_config_options.py::TestBenchmarkConfigOptions::test_warmup_iterations_custom_value PASSED
tests/benchmarking/unit/test_benchmark_config_options.py::TestBenchmarkConfigOptions::test_max_length_extraction PASSED
tests/benchmarking/unit/test_benchmark_config_options.py::TestBenchmarkConfigOptions::test_max_length_default PASSED
tests/benchmarking/unit/test_benchmark_config_options.py::TestBenchmarkConfigOptions::test_max_length_custom_value PASSED
tests/benchmarking/unit/test_benchmark_config_options.py::TestBenchmarkConfigOptions::test_device_extraction_null PASSED
tests/benchmarking/unit/test_benchmark_config_options.py::TestBenchmarkConfigOptions::test_device_extraction_cuda PASSED
tests/benchmarking/unit/test_benchmark_config_options.py::TestBenchmarkConfigOptions::test_device_extraction_cpu PASSED
tests/benchmarking/unit/test_benchmark_config_options.py::TestBenchmarkConfigOptions::test_device_default PASSED
tests/benchmarking/unit/test_benchmark_config_options.py::TestBenchmarkConfigOptions::test_test_data_extraction_null PASSED
tests/benchmarking/unit/test_benchmark_config_options.py::TestBenchmarkConfigOptions::test_test_data_extraction_relative_path PASSED
tests/benchmarking/unit/test_benchmark_config_options.py::TestBenchmarkConfigOptions::test_test_data_extraction_absolute_path PASSED
tests/benchmarking/unit/test_benchmark_config_options.py::TestBenchmarkConfigOptions::test_test_data_default PASSED
tests/benchmarking/unit/test_benchmark_config_options.py::TestBenchmarkConfigOptions::test_output_filename_extraction PASSED
tests/benchmarking/unit/test_benchmark_config_options.py::TestBenchmarkConfigOptions::test_output_filename_default PASSED
tests/benchmarking/unit/test_benchmark_config_options.py::TestBenchmarkConfigOptions::test_output_filename_custom_value PASSED
tests/benchmarking/unit/test_benchmark_config_options.py::TestBenchmarkConfigOptions::test_all_options_together PASSED
tests/benchmarking/unit/test_benchmark_run_mode_config.py::TestRunModeConfig::test_run_mode_extraction_reuse_if_exists PASSED
tests/benchmarking/unit/test_benchmark_run_mode_config.py::TestRunModeConfig::test_run_mode_extraction_force_new PASSED
tests/benchmarking/unit/test_benchmark_run_mode_config.py::TestRunModeConfig::test_run_mode_default_when_missing PASSED
tests/benchmarking/unit/test_benchmark_run_mode_config.py::TestRunModeConfig::test_run_mode_default_when_run_section_missing PASSED
tests/benchmarking/unit/test_benchmark_run_mode_config.py::TestRunModeConfig::test_get_benchmark_run_mode_uses_config PASSED
tests/benchmarking/unit/test_benchmark_run_mode_config.py::TestRunModeConfig::test_get_benchmark_run_mode_default PASSED
tests/benchmarking/unit/test_benchmark_run_mode_config.py::TestRunModeBehavior::test_force_new_skips_filtering 
-------------------------------- live log call ---------------------------------
2026-01-18 16:25:49 INFO     evaluation.benchmarking.filter: Run mode is 'force_new' - skipping idempotency check, will benchmark all champions
PASSED
tests/benchmarking/unit/test_benchmark_run_mode_config.py::TestRunModeBehavior::test_reuse_if_exists_filters_existing 
-------------------------------- live log call ---------------------------------
2026-01-18 16:25:49 INFO     evaluation.benchmarking.filter: Skipping distilbert - benchmark already exists (trial_key_hash=trial_hash_456...)
2026-01-18 16:25:49 INFO     evaluation.benchmarking.filter: Skipping deberta - benchmark already exists (trial_key_hash=trial_hash_789...)
PASSED
tests/benchmarking/unit/test_benchmark_run_mode_config.py::TestBenchmarkKeyIdempotency::test_build_benchmark_key_includes_config_hash PASSED
tests/benchmarking/unit/test_benchmark_run_mode_config.py::TestBenchmarkKeyIdempotency::test_benchmark_key_changes_with_config_change PASSED
tests/benchmarking/unit/test_benchmark_run_mode_config.py::TestBenchmarkKeyIdempotency::test_benchmark_key_same_with_same_config PASSED
tests/benchmarking/unit/test_benchmark_run_mode_config.py::TestBenchmarkKeyIdempotency::test_benchmark_key_used_as_primary_check PASSED
tests/benchmarking/unit/test_benchmark_run_mode_config.py::TestBenchmarkKeyFallback::test_fallback_to_hash_when_benchmark_key_not_found PASSED
tests/benchmarking/unit/test_benchmark_run_mode_config.py::TestBenchmarkKeyFallback::test_fallback_requires_both_hashes PASSED
tests/benchmarking/unit/test_benchmark_run_mode_config.py::TestIdempotencySuccessCases::test_success_benchmark_exists_by_benchmark_key 
-------------------------------- live log call ---------------------------------
2026-01-18 16:25:49 INFO     evaluation.benchmarking.filter: Skipping distilbert - benchmark already exists (trial_key_hash=trial_hash_456...)
PASSED
tests/benchmarking/unit/test_benchmark_run_mode_config.py::TestIdempotencySuccessCases::test_success_benchmark_exists_by_hash_fallback 
-------------------------------- live log call ---------------------------------
2026-01-18 16:25:49 INFO     evaluation.benchmarking.filter: Skipping distilbert - benchmark already exists (trial_key_hash=trial_hash_456...)
PASSED
tests/benchmarking/unit/test_benchmark_run_mode_config.py::TestIdempotencySuccessCases::test_success_benchmark_not_exists_creates_new PASSED
tests/benchmarking/unit/test_benchmark_run_mode_config.py::TestIdempotencyFailureCases::test_failure_missing_champion_run_id 
-------------------------------- live log call ---------------------------------
2026-01-18 16:25:49 WARNING  evaluation.benchmarking.filter: No run_id found for champion distilbert, skipping idempotency check
PASSED
tests/benchmarking/unit/test_benchmark_run_mode_config.py::TestIdempotencyFailureCases::test_failure_mlflow_client_unavailable 
-------------------------------- live log call ---------------------------------
2026-01-18 16:25:49 INFO     infrastructure.naming.mlflow.tags_registry: [Tags Registry] Config file not found at /tmp/pytest-of-codespace/pytest-120/test_failure_mlflow_client_una0/config/tags.yaml, using defaults
PASSED
tests/benchmarking/unit/test_benchmark_run_mode_config.py::TestIdempotencyFailureCases::test_failure_mlflow_check_raises_exception PASSED
tests/benchmarking/unit/test_benchmark_run_mode_config.py::TestConfigDocumentationCoverage::test_run_mode_documentation_covered PASSED
tests/benchmarking/unit/test_benchmark_run_mode_config.py::TestConfigDocumentationCoverage::test_idempotency_documentation_covered PASSED
tests/benchmarking/unit/test_benchmark_run_mode_config.py::TestConfigDocumentationCoverage::test_independence_from_hpo_config PASSED
tests/benchmarking/unit/test_benchmark_trial_id_extraction.py::TestTrialIdExtraction::test_trial_id_from_parameter_old_format 
-------------------------------- live log call ---------------------------------
2026-01-18 16:25:49 INFO     evaluation.benchmarking.utils: Running benchmark script: /opt/conda/envs/resume-ner-training/bin/python -u /tmp/pytest-of-codespace/pytest-120/test_trial_id_from_parameter_o0/src/evaluation/benchmarking/cli.py --checkpoint /tmp/pytest-of-codespace/pytest-120/test_trial_id_from_parameter_o0/checkpoint --test-data /tmp/pytest-of-codespace/pytest-120/test_trial_id_from_parameter_o0/test.json --batch-sizes 1 --iterations 100 --warmup 10 --max-length 512 --output /tmp/pytest-of-codespace/pytest-120/test_trial_id_from_parameter_o0/benchmark.json
2026-01-18 16:25:49 INFO     evaluation.benchmarking.utils: [Benchmark Run Name] Building run name: trial_id=1_20251231_161745, root_dir=/tmp/pytest-of-codespace/pytest-120/test_trial_id_from_parameter_o0, config_dir=/tmp/pytest-of-codespace/pytest-120/test_trial_id_from_parameter_o0/config
2026-01-18 16:25:49 WARNING  infrastructure.naming.display_policy: [Naming Policy] Policy file not found at /tmp/pytest-of-codespace/pytest-120/test_trial_id_from_parameter_o0/config/naming.yaml, using empty policy
2026-01-18 16:25:49 WARNING  evaluation.benchmarking.utils: Could not log benchmark results to MLflow: Naming policy not available or formatting failed. Legacy fallback removed. Process type: <Mock name='create_naming_context().process_type' id='123304183202432'>
PASSED
tests/benchmarking/unit/test_benchmark_trial_id_extraction.py::TestTrialIdExtraction::test_trial_id_from_parameter_new_format 
-------------------------------- live log call ---------------------------------
2026-01-18 16:25:49 INFO     evaluation.benchmarking.utils: Running benchmark script: /opt/conda/envs/resume-ner-training/bin/python -u /tmp/pytest-of-codespace/pytest-120/test_trial_id_from_parameter_n0/src/evaluation/benchmarking/cli.py --checkpoint /tmp/pytest-of-codespace/pytest-120/test_trial_id_from_parameter_n0/checkpoint --test-data /tmp/pytest-of-codespace/pytest-120/test_trial_id_from_parameter_n0/test.json --batch-sizes 1 --iterations 100 --warmup 10 --max-length 512 --output /tmp/pytest-of-codespace/pytest-120/test_trial_id_from_parameter_n0/benchmark.json
2026-01-18 16:25:49 INFO     evaluation.benchmarking.utils: [Benchmark Run Name] Building run name: trial_id=trial-25d03eeb, root_dir=/tmp/pytest-of-codespace/pytest-120/test_trial_id_from_parameter_n0, config_dir=/tmp/pytest-of-codespace/pytest-120/test_trial_id_from_parameter_n0/config
2026-01-18 16:25:49 WARNING  infrastructure.naming.display_policy: [Naming Policy] Policy file not found at /tmp/pytest-of-codespace/pytest-120/test_trial_id_from_parameter_n0/config/naming.yaml, using empty policy
2026-01-18 16:25:49 WARNING  evaluation.benchmarking.utils: Could not log benchmark results to MLflow: Naming policy not available or formatting failed. Legacy fallback removed. Process type: <Mock name='create_naming_context().process_type' id='123304183352960'>
PASSED
tests/benchmarking/unit/test_benchmark_trial_id_extraction.py::TestTrialIdExtraction::test_trial_id_extraction_from_path_old_format 
-------------------------------- live log call ---------------------------------
2026-01-18 16:25:49 INFO     evaluation.benchmarking.utils: Running benchmark script: /opt/conda/envs/resume-ner-training/bin/python -u /tmp/pytest-of-codespace/pytest-120/test_trial_id_extraction_from_0/src/evaluation/benchmarking/cli.py --checkpoint /tmp/pytest-of-codespace/pytest-120/test_trial_id_extraction_from_0/hpo/local/distilbert/study-abc123/trial_1_20251231_161745/checkpoint --test-data /tmp/pytest-of-codespace/pytest-120/test_trial_id_extraction_from_0/test.json --batch-sizes 1 --iterations 100 --warmup 10 --max-length 512 --output /tmp/pytest-of-codespace/pytest-120/test_trial_id_extraction_from_0/benchmark.json
2026-01-18 16:25:49 INFO     evaluation.benchmarking.utils: [Benchmark Run Name] Extracted trial_id from checkpoint path: trial_1_20251231_161745 (at level 1)
2026-01-18 16:25:49 INFO     evaluation.benchmarking.utils: [Benchmark Run Name] Building run name: trial_id=trial_1_20251231_161745, root_dir=/tmp/pytest-of-codespace/pytest-120/test_trial_id_extraction_from_0, config_dir=/tmp/pytest-of-codespace/pytest-120/test_trial_id_extraction_from_0/config
2026-01-18 16:25:49 WARNING  infrastructure.naming.display_policy: [Naming Policy] Policy file not found at /tmp/pytest-of-codespace/pytest-120/test_trial_id_extraction_from_0/config/naming.yaml, using empty policy
2026-01-18 16:25:49 WARNING  evaluation.benchmarking.utils: Could not log benchmark results to MLflow: Naming policy not available or formatting failed. Legacy fallback removed. Process type: <Mock name='create_naming_context().process_type' id='123304183329840'>
PASSED
tests/benchmarking/unit/test_benchmark_trial_id_extraction.py::TestTrialIdExtraction::test_trial_id_extraction_from_path_new_format 
-------------------------------- live log call ---------------------------------
2026-01-18 16:25:49 INFO     evaluation.benchmarking.utils: Running benchmark script: /opt/conda/envs/resume-ner-training/bin/python -u /tmp/pytest-of-codespace/pytest-120/test_trial_id_extraction_from_1/src/evaluation/benchmarking/cli.py --checkpoint /tmp/pytest-of-codespace/pytest-120/test_trial_id_extraction_from_1/hpo/local/distilbert/study-abc123/trial-25d03eeb/checkpoint --test-data /tmp/pytest-of-codespace/pytest-120/test_trial_id_extraction_from_1/test.json --batch-sizes 1 --iterations 100 --warmup 10 --max-length 512 --output /tmp/pytest-of-codespace/pytest-120/test_trial_id_extraction_from_1/benchmark.json
2026-01-18 16:25:49 INFO     evaluation.benchmarking.utils: [Benchmark Run Name] Extracted trial_id from checkpoint path: trial-25d03eeb (at level 1)
2026-01-18 16:25:49 INFO     evaluation.benchmarking.utils: [Benchmark Run Name] Building run name: trial_id=trial-25d03eeb, root_dir=/tmp/pytest-of-codespace/pytest-120/test_trial_id_extraction_from_1, config_dir=/tmp/pytest-of-codespace/pytest-120/test_trial_id_extraction_from_1/config
2026-01-18 16:25:49 WARNING  infrastructure.naming.display_policy: [Naming Policy] Policy file not found at /tmp/pytest-of-codespace/pytest-120/test_trial_id_extraction_from_1/config/naming.yaml, using empty policy
2026-01-18 16:25:49 WARNING  evaluation.benchmarking.utils: Could not log benchmark results to MLflow: Naming policy not available or formatting failed. Legacy fallback removed. Process type: <Mock name='create_naming_context().process_type' id='123304183386496'>
PASSED
tests/benchmarking/unit/test_benchmark_trial_id_extraction.py::TestTrialIdExtraction::test_trial_id_extraction_from_refit_checkpoint_path 
-------------------------------- live log call ---------------------------------
2026-01-18 16:25:49 INFO     evaluation.benchmarking.utils: Running benchmark script: /opt/conda/envs/resume-ner-training/bin/python -u /tmp/pytest-of-codespace/pytest-120/test_trial_id_extraction_from_2/src/evaluation/benchmarking/cli.py --checkpoint /tmp/pytest-of-codespace/pytest-120/test_trial_id_extraction_from_2/hpo/local/distilbert/study-abc123/trial-25d03eeb/refit/checkpoint --test-data /tmp/pytest-of-codespace/pytest-120/test_trial_id_extraction_from_2/test.json --batch-sizes 1 --iterations 100 --warmup 10 --max-length 512 --output /tmp/pytest-of-codespace/pytest-120/test_trial_id_extraction_from_2/benchmark.json
2026-01-18 16:25:49 INFO     evaluation.benchmarking.utils: [Benchmark Run Name] Extracted trial_id from checkpoint path: trial-25d03eeb (at level 2)
2026-01-18 16:25:49 INFO     evaluation.benchmarking.utils: [Benchmark Run Name] Building run name: trial_id=trial-25d03eeb, root_dir=/tmp/pytest-of-codespace/pytest-120/test_trial_id_extraction_from_2, config_dir=/tmp/pytest-of-codespace/pytest-120/test_trial_id_extraction_from_2/config
2026-01-18 16:25:49 WARNING  infrastructure.naming.display_policy: [Naming Policy] Policy file not found at /tmp/pytest-of-codespace/pytest-120/test_trial_id_extraction_from_2/config/naming.yaml, using empty policy
2026-01-18 16:25:49 WARNING  evaluation.benchmarking.utils: Could not log benchmark results to MLflow: Naming policy not available or formatting failed. Legacy fallback removed. Process type: <Mock name='create_naming_context().process_type' id='123304266146064'>
PASSED
tests/benchmarking/unit/test_benchmark_trial_id_extraction.py::TestTrialIdExtraction::test_trial_id_fallback_to_trial_key_hash 
-------------------------------- live log call ---------------------------------
2026-01-18 16:25:49 INFO     evaluation.benchmarking.utils: Running benchmark script: /opt/conda/envs/resume-ner-training/bin/python -u /tmp/pytest-of-codespace/pytest-120/test_trial_id_fallback_to_tria0/src/evaluation/benchmarking/cli.py --checkpoint /tmp/pytest-of-codespace/pytest-120/test_trial_id_fallback_to_tria0/checkpoint --test-data /tmp/pytest-of-codespace/pytest-120/test_trial_id_fallback_to_tria0/test.json --batch-sizes 1 --iterations 100 --warmup 10 --max-length 512 --output /tmp/pytest-of-codespace/pytest-120/test_trial_id_fallback_to_tria0/benchmark.json
2026-01-18 16:25:49 INFO     evaluation.benchmarking.utils: [Benchmark Run Name] Constructed trial_id from trial_key_hash: trial-25d03eeb
2026-01-18 16:25:49 INFO     evaluation.benchmarking.utils: [Benchmark Run Name] Building run name: trial_id=trial-25d03eeb, root_dir=/tmp/pytest-of-codespace/pytest-120/test_trial_id_fallback_to_tria0, config_dir=/tmp/pytest-of-codespace/pytest-120/test_trial_id_fallback_to_tria0/config
2026-01-18 16:25:49 WARNING  infrastructure.naming.display_policy: [Naming Policy] Policy file not found at /tmp/pytest-of-codespace/pytest-120/test_trial_id_fallback_to_tria0/config/naming.yaml, using empty policy
2026-01-18 16:25:49 WARNING  evaluation.benchmarking.utils: Could not log benchmark results to MLflow: Naming policy not available or formatting failed. Legacy fallback removed. Process type: <Mock name='create_naming_context().process_type' id='123304181559360'>
PASSED
tests/benchmarking/unit/test_benchmark_trial_id_extraction.py::TestTrialIdExtraction::test_trial_id_parameter_overrides_path_extraction 
-------------------------------- live log call ---------------------------------
2026-01-18 16:25:49 INFO     evaluation.benchmarking.utils: Running benchmark script: /opt/conda/envs/resume-ner-training/bin/python -u /tmp/pytest-of-codespace/pytest-120/test_trial_id_parameter_overri0/src/evaluation/benchmarking/cli.py --checkpoint /tmp/pytest-of-codespace/pytest-120/test_trial_id_parameter_overri0/hpo/local/distilbert/study-abc123/trial-25d03eeb/checkpoint --test-data /tmp/pytest-of-codespace/pytest-120/test_trial_id_parameter_overri0/test.json --batch-sizes 1 --iterations 100 --warmup 10 --max-length 512 --output /tmp/pytest-of-codespace/pytest-120/test_trial_id_parameter_overri0/benchmark.json
2026-01-18 16:25:49 INFO     evaluation.benchmarking.utils: [Benchmark Run Name] Building run name: trial_id=trial-custom123, root_dir=/tmp/pytest-of-codespace/pytest-120/test_trial_id_parameter_overri0, config_dir=/tmp/pytest-of-codespace/pytest-120/test_trial_id_parameter_overri0/config
2026-01-18 16:25:49 WARNING  infrastructure.naming.display_policy: [Naming Policy] Policy file not found at /tmp/pytest-of-codespace/pytest-120/test_trial_id_parameter_overri0/config/naming.yaml, using empty policy
2026-01-18 16:25:49 WARNING  evaluation.benchmarking.utils: Could not log benchmark results to MLflow: Naming policy not available or formatting failed. Legacy fallback removed. Process type: <Mock name='create_naming_context().process_type' id='123304182914624'>
PASSED
tests/config/integration/test_config_integration.py::TestEndToEndScenarios::test_hpo_trial_workflow 
-------------------------------- live log call ---------------------------------
2026-01-18 16:25:49 INFO     infrastructure.naming.mlflow.config: [Auto-Increment Config] Loading from config_dir=/tmp/pytest-of-codespace/pytest-120/test_hpo_trial_workflow0/config, raw_auto_inc_config={'enabled': True, 'processes': {'hpo': True, 'benchmarking': True}, 'format': '{base}.{version}'}
2026-01-18 16:25:49 INFO     infrastructure.naming.mlflow.config: [Auto-Increment Config] Validated config: {'enabled': True, 'processes': {'hpo': True, 'benchmarking': True}, 'format': '{base}.{version}'}, process_type=hpo
2026-01-18 16:25:49 INFO     infrastructure.tracking.mlflow.index.version_counter: [Reserve Version] Starting reservation: counter_key=resume-ner:hpo:e0fbae020bc656b7e6425344765f3df149e5f6831d2b7..., root_dir=/tmp/pytest-of-codespace/pytest-120/test_hpo_trial_workflow0, config_dir=/tmp/pytest-of-codespace/pytest-120/test_hpo_trial_workflow0/config, counter_path=/tmp/pytest-of-codespace/pytest-120/test_hpo_trial_workflow0/outputs/cache/run_name_counter.json
2026-01-18 16:25:49 INFO     infrastructure.tracking.mlflow.index.version_counter: [Reserve Version] Loaded 0 existing allocations from /tmp/pytest-of-codespace/pytest-120/test_hpo_trial_workflow0/outputs/cache/run_name_counter.json
2026-01-18 16:25:49 INFO     infrastructure.tracking.mlflow.index.version_counter: [Reserve Version] Found 0 allocations for counter_key (after deduplication): committed=[], reserved=[], expired=[], max_committed_version=0
2026-01-18 16:25:49 INFO     infrastructure.tracking.mlflow.index.version_counter: [Reserve Version] Reserving next version: 1 (incremented from max_committed=0, skipped 0 reserved/expired versions)
2026-01-18 16:25:49 INFO     infrastructure.tracking.mlflow.index.version_counter: [Reserve Version] ✓ Successfully reserved version 1 for counter_key resume-ner:hpo:e0fbae020bc656b7e6425344765f3df149e... (run_id: pending_2026...)
PASSED
tests/config/integration/test_config_integration.py::TestEndToEndScenarios::test_final_training_workflow 
-------------------------------- live log call ---------------------------------
2026-01-18 16:25:49 INFO     infrastructure.naming.mlflow.config: [Auto-Increment Config] Loading from config_dir=/tmp/pytest-of-codespace/pytest-120/test_final_training_workflow0/config, raw_auto_inc_config={'enabled': True, 'processes': {'hpo': True, 'benchmarking': True}, 'format': '{base}.{version}'}
2026-01-18 16:25:49 INFO     infrastructure.naming.mlflow.config: [Auto-Increment Config] Validated config: {'enabled': True, 'processes': {'hpo': True, 'benchmarking': True}, 'format': '{base}.{version}'}, process_type=final_training
PASSED
tests/config/integration/test_config_integration.py::TestEndToEndScenarios::test_benchmarking_workflow 
-------------------------------- live log call ---------------------------------
2026-01-18 16:25:50 WARNING  infrastructure.naming.display_policy: [Naming Policy] No pattern for process_type: benchmarking
2026-01-18 16:25:50 INFO     infrastructure.naming.mlflow.config: [Auto-Increment Config] Loading from config_dir=/tmp/pytest-of-codespace/pytest-120/test_benchmarking_workflow0/config, raw_auto_inc_config={'enabled': True, 'processes': {'hpo': True, 'benchmarking': True}, 'format': '{base}.{version}'}
2026-01-18 16:25:50 INFO     infrastructure.naming.mlflow.config: [Auto-Increment Config] Validated config: {'enabled': True, 'processes': {'hpo': True, 'benchmarking': True}, 'format': '{base}.{version}'}, process_type=benchmarking
2026-01-18 16:25:50 WARNING  infrastructure.naming.mlflow.run_names: Could not reserve version for run name: Benchmarking requires trial_id for run_key, using base name without version
PASSED
tests/config/integration/test_config_integration.py::TestConfigurationConsistency::test_paths_match_naming_patterns 
-------------------------------- live log call ---------------------------------
2026-01-18 16:25:50 INFO     infrastructure.naming.mlflow.config: [Auto-Increment Config] Loading from config_dir=/tmp/pytest-of-codespace/pytest-120/test_paths_match_naming_patter0/config, raw_auto_inc_config={'enabled': True, 'processes': {'hpo': True, 'benchmarking': True}, 'format': '{base}.{version}'}
2026-01-18 16:25:50 INFO     infrastructure.naming.mlflow.config: [Auto-Increment Config] Validated config: {'enabled': True, 'processes': {'hpo': True, 'benchmarking': True}, 'format': '{base}.{version}'}, process_type=hpo
2026-01-18 16:25:50 INFO     infrastructure.tracking.mlflow.index.version_counter: [Reserve Version] Starting reservation: counter_key=resume-ner:hpo:fa924e9d2ac5675b719f2281bdcff80badd52b78fb7ef..., root_dir=/tmp/pytest-of-codespace/pytest-120/test_paths_match_naming_patter0, config_dir=/tmp/pytest-of-codespace/pytest-120/test_paths_match_naming_patter0/config, counter_path=/tmp/pytest-of-codespace/pytest-120/test_paths_match_naming_patter0/outputs/cache/run_name_counter.json
2026-01-18 16:25:50 INFO     infrastructure.tracking.mlflow.index.version_counter: [Reserve Version] Loaded 0 existing allocations from /tmp/pytest-of-codespace/pytest-120/test_paths_match_naming_patter0/outputs/cache/run_name_counter.json
2026-01-18 16:25:50 INFO     infrastructure.tracking.mlflow.index.version_counter: [Reserve Version] Found 0 allocations for counter_key (after deduplication): committed=[], reserved=[], expired=[], max_committed_version=0
2026-01-18 16:25:50 INFO     infrastructure.tracking.mlflow.index.version_counter: [Reserve Version] Reserving next version: 1 (incremented from max_committed=0, skipped 0 reserved/expired versions)
2026-01-18 16:25:50 INFO     infrastructure.tracking.mlflow.index.version_counter: [Reserve Version] ✓ Successfully reserved version 1 for counter_key resume-ner:hpo:fa924e9d2ac5675b719f2281bdcff80badd... (run_id: pending_2026...)
PASSED
tests/config/integration/test_config_integration.py::TestConfigurationConsistency::test_tag_keys_from_tags_yaml PASSED
tests/config/integration/test_config_integration.py::TestConfigurationConsistency::test_naming_patterns_from_naming_yaml 
-------------------------------- live log call ---------------------------------
2026-01-18 16:25:50 INFO     infrastructure.naming.mlflow.config: [Auto-Increment Config] Loading from config_dir=/tmp/pytest-of-codespace/pytest-120/test_naming_patterns_from_nami0/config, raw_auto_inc_config={'enabled': True, 'processes': {'hpo': True, 'benchmarking': True}, 'format': '{base}.{version}'}
2026-01-18 16:25:50 INFO     infrastructure.naming.mlflow.config: [Auto-Increment Config] Validated config: {'enabled': True, 'processes': {'hpo': True, 'benchmarking': True}, 'format': '{base}.{version}'}, process_type=hpo
2026-01-18 16:25:50 INFO     infrastructure.tracking.mlflow.index.version_counter: [Reserve Version] Starting reservation: counter_key=resume-ner:hpo:e0fbae020bc656b7e6425344765f3df149e5f6831d2b7..., root_dir=/tmp/pytest-of-codespace/pytest-120/test_naming_patterns_from_nami0, config_dir=/tmp/pytest-of-codespace/pytest-120/test_naming_patterns_from_nami0/config, counter_path=/tmp/pytest-of-codespace/pytest-120/test_naming_patterns_from_nami0/outputs/cache/run_name_counter.json
2026-01-18 16:25:50 INFO     infrastructure.tracking.mlflow.index.version_counter: [Reserve Version] Loaded 0 existing allocations from /tmp/pytest-of-codespace/pytest-120/test_naming_patterns_from_nami0/outputs/cache/run_name_counter.json
2026-01-18 16:25:50 INFO     infrastructure.tracking.mlflow.index.version_counter: [Reserve Version] Found 0 allocations for counter_key (after deduplication): committed=[], reserved=[], expired=[], max_committed_version=0
2026-01-18 16:25:50 INFO     infrastructure.tracking.mlflow.index.version_counter: [Reserve Version] Reserving next version: 1 (incremented from max_committed=0, skipped 0 reserved/expired versions)
2026-01-18 16:25:50 INFO     infrastructure.tracking.mlflow.index.version_counter: [Reserve Version] ✓ Successfully reserved version 1 for counter_key resume-ner:hpo:e0fbae020bc656b7e6425344765f3df149e... (run_id: pending_2026...)
PASSED
tests/config/integration/test_config_integration.py::TestCrossProcessConsistency::test_same_model_environment_consistent_paths PASSED
tests/config/integration/test_config_integration.py::TestCrossProcessConsistency::test_tag_keys_consistent_across_processes PASSED
tests/config/integration/test_config_integration.py::TestCrossProcessConsistency::test_naming_conventions_consistent 
-------------------------------- live log call ---------------------------------
2026-01-18 16:25:50 INFO     infrastructure.naming.mlflow.config: [Auto-Increment Config] Loading from config_dir=/tmp/pytest-of-codespace/pytest-120/test_naming_conventions_consis0/config, raw_auto_inc_config={'enabled': True, 'processes': {'hpo': True, 'benchmarking': True}, 'format': '{base}.{version}'}
2026-01-18 16:25:50 INFO     infrastructure.naming.mlflow.config: [Auto-Increment Config] Validated config: {'enabled': True, 'processes': {'hpo': True, 'benchmarking': True}, 'format': '{base}.{version}'}, process_type=hpo
2026-01-18 16:25:50 INFO     infrastructure.tracking.mlflow.index.version_counter: [Reserve Version] Starting reservation: counter_key=resume-ner:hpo:e0fbae020bc656b7e6425344765f3df149e5f6831d2b7..., root_dir=/tmp/pytest-of-codespace/pytest-120/test_naming_conventions_consis0, config_dir=/tmp/pytest-of-codespace/pytest-120/test_naming_conventions_consis0/config, counter_path=/tmp/pytest-of-codespace/pytest-120/test_naming_conventions_consis0/outputs/cache/run_name_counter.json
2026-01-18 16:25:50 INFO     infrastructure.tracking.mlflow.index.version_counter: [Reserve Version] Loaded 0 existing allocations from /tmp/pytest-of-codespace/pytest-120/test_naming_conventions_consis0/outputs/cache/run_name_counter.json
2026-01-18 16:25:50 INFO     infrastructure.tracking.mlflow.index.version_counter: [Reserve Version] Found 0 allocations for counter_key (after deduplication): committed=[], reserved=[], expired=[], max_committed_version=0
2026-01-18 16:25:50 INFO     infrastructure.tracking.mlflow.index.version_counter: [Reserve Version] Reserving next version: 1 (incremented from max_committed=0, skipped 0 reserved/expired versions)
2026-01-18 16:25:50 INFO     infrastructure.tracking.mlflow.index.version_counter: [Reserve Version] ✓ Successfully reserved version 1 for counter_key resume-ner:hpo:e0fbae020bc656b7e6425344765f3df149e... (run_id: pending_2026...)
PASSED
tests/config/unit/test_config_loader.py::TestConfigHashComputation::test_compute_config_hash_length PASSED
tests/config/unit/test_config_loader.py::TestConfigHashComputation::test_compute_config_hash_deterministic PASSED
tests/config/unit/test_config_loader.py::TestConfigHashComputation::test_compute_config_hash_different_configs PASSED
tests/config/unit/test_config_loader.py::TestConfigHashComputation::test_compute_config_hash_no_randomness PASSED
tests/config/unit/test_config_loader.py::TestConfigHashComputation::test_compute_config_hash_order_independent PASSED
tests/config/unit/test_config_loader.py::TestConfigHashComputation::test_compute_config_hashes_all_domains PASSED
tests/config/unit/test_config_loader.py::TestConfigHashComputation::test_compute_config_hashes_deterministic PASSED
tests/config/unit/test_config_loader.py::TestConfigLoading::test_load_experiment_config PASSED
tests/config/unit/test_config_loader.py::TestConfigLoading::test_load_experiment_config_defaults PASSED
tests/config/unit/test_config_loader.py::TestConfigLoading::test_load_all_configs PASSED
tests/config/unit/test_config_loader.py::TestConfigLoading::test_load_all_configs_with_benchmark PASSED
tests/config/unit/test_config_loader.py::TestConfigMetadata::test_create_config_metadata PASSED
tests/config/unit/test_config_loader.py::TestConfigImmutability::test_snapshot_configs PASSED
tests/config/unit/test_config_loader.py::TestConfigImmutability::test_validate_config_immutability_unchanged PASSED
tests/config/unit/test_config_loader.py::TestConfigImmutability::test_validate_config_immutability_changed PASSED
tests/config/unit/test_config_loader.py::TestConfigImmutability::test_validate_config_immutability_multiple_changes PASSED
tests/config/unit/test_data_config.py::TestDataConfigLoading::test_load_complete_data_config PASSED
tests/config/unit/test_data_config.py::TestDataConfigOptions::test_name_option PASSED
tests/config/unit/test_data_config.py::TestDataConfigOptions::test_version_option PASSED
tests/config/unit/test_data_config.py::TestDataConfigOptions::test_description_option PASSED
tests/config/unit/test_data_config.py::TestDataConfigOptions::test_local_path_option PASSED
tests/config/unit/test_data_config.py::TestDataConfigOptions::test_seed_option PASSED
tests/config/unit/test_data_config.py::TestDataConfigOptions::test_splitting_train_test_ratio PASSED
tests/config/unit/test_data_config.py::TestDataConfigOptions::test_splitting_stratified_true PASSED
tests/config/unit/test_data_config.py::TestDataConfigOptions::test_splitting_stratified_false PASSED
tests/config/unit/test_data_config.py::TestDataConfigOptions::test_splitting_random_seed PASSED
tests/config/unit/test_data_config.py::TestDataConfigOptions::test_schema_format PASSED
tests/config/unit/test_data_config.py::TestDataConfigOptions::test_schema_annotation_format PASSED
tests/config/unit/test_data_config.py::TestDataConfigOptions::test_schema_entity_types PASSED
tests/config/unit/test_data_config.py::TestDataConfigOptions::test_schema_stats_median_sentence_length PASSED
tests/config/unit/test_data_config.py::TestDataConfigOptions::test_schema_stats_mean_sentence_length PASSED
tests/config/unit/test_data_config.py::TestDataConfigOptions::test_schema_stats_p95_sentence_length PASSED
tests/config/unit/test_data_config.py::TestDataConfigOptions::test_schema_stats_suggested_sequence_length PASSED
tests/config/unit/test_data_config.py::TestDataConfigOptions::test_schema_stats_entity_density PASSED
tests/config/unit/test_data_config.py::TestDataConfigIntegration::test_data_config_via_experiment_config PASSED
tests/config/unit/test_data_config.py::TestDataConfigIntegration::test_build_label_list_from_data_config PASSED
tests/config/unit/test_data_config.py::TestDataConfigValidation::test_data_config_missing_optional_sections PASSED
tests/config/unit/test_data_config.py::TestDataConfigValidation::test_data_config_partial_splitting PASSED
tests/config/unit/test_data_config.py::TestDataConfigValidation::test_data_config_partial_schema PASSED
tests/config/unit/test_data_config.py::TestDataConfigValidation::test_data_config_partial_stats PASSED
tests/config/unit/test_data_config.py::TestDataConfigValidation::test_data_config_numeric_types PASSED
tests/config/unit/test_data_config.py::TestDataConfigValidation::test_data_config_boolean_types PASSED
tests/config/unit/test_data_config.py::TestDataConfigValidation::test_data_config_entity_types_list PASSED
tests/config/unit/test_data_config.py::TestDataConfigRealFiles::test_load_real_resume_tiny_config PASSED
tests/config/unit/test_data_config.py::TestDataConfigRealFiles::test_load_real_resume_v1_config PASSED
tests/config/unit/test_data_config.py::TestDataConfigRealFiles::test_all_real_data_configs_have_required_sections SKIPPED
tests/config/unit/test_experiment_config.py::TestExperimentConfigLoading::test_load_complete_experiment_config PASSED
tests/config/unit/test_experiment_config.py::TestExperimentConfigLoading::test_load_experiment_config_with_defaults PASSED
tests/config/unit/test_experiment_config.py::TestExperimentConfigOptions::test_experiment_name_option PASSED
tests/config/unit/test_experiment_config.py::TestExperimentConfigOptions::test_experiment_name_fallback PASSED
tests/config/unit/test_experiment_config.py::TestExperimentConfigOptions::test_data_config_option PASSED
tests/config/unit/test_experiment_config.py::TestExperimentConfigOptions::test_model_config_option PASSED
tests/config/unit/test_experiment_config.py::TestExperimentConfigOptions::test_train_config_option PASSED
tests/config/unit/test_experiment_config.py::TestExperimentConfigOptions::test_hpo_config_option PASSED
tests/config/unit/test_experiment_config.py::TestExperimentConfigOptions::test_env_config_option PASSED
tests/config/unit/test_experiment_config.py::TestExperimentConfigOptions::test_benchmark_config_option PASSED
tests/config/unit/test_experiment_config.py::TestExperimentConfigOptions::test_benchmark_config_default PASSED
tests/config/unit/test_experiment_config.py::TestStagesConfiguration::test_stages_smoke_aml_experiment PASSED
tests/config/unit/test_experiment_config.py::TestStagesConfiguration::test_stages_smoke_hpo_config PASSED
tests/config/unit/test_experiment_config.py::TestStagesConfiguration::test_stages_smoke_both_options PASSED
tests/config/unit/test_experiment_config.py::TestStagesConfiguration::test_stages_hpo_aml_experiment PASSED
tests/config/unit/test_experiment_config.py::TestStagesConfiguration::test_stages_hpo_hpo_config PASSED
tests/config/unit/test_experiment_config.py::TestStagesConfiguration::test_stages_hpo_both_options PASSED
tests/config/unit/test_experiment_config.py::TestStagesConfiguration::test_stages_training_aml_experiment PASSED
tests/config/unit/test_experiment_config.py::TestStagesConfiguration::test_stages_training_backbones_single PASSED
tests/config/unit/test_experiment_config.py::TestStagesConfiguration::test_stages_training_backbones_multiple PASSED
tests/config/unit/test_experiment_config.py::TestStagesConfiguration::test_stages_training_both_options PASSED
tests/config/unit/test_experiment_config.py::TestStagesConfiguration::test_stages_all_stages_together PASSED
tests/config/unit/test_experiment_config.py::TestNamingConfiguration::test_naming_include_backbone_in_experiment_true PASSED
tests/config/unit/test_experiment_config.py::TestNamingConfiguration::test_naming_include_backbone_in_experiment_false PASSED
tests/config/unit/test_experiment_config.py::TestNamingConfiguration::test_naming_missing_defaults_to_empty PASSED
tests/config/unit/test_experiment_config.py::TestExperimentConfigIntegration::test_load_all_configs_with_experiment_config PASSED
tests/config/unit/test_experiment_config.py::TestExperimentConfigIntegration::test_experiment_config_stages_preserved PASSED
tests/config/unit/test_experiment_config.py::TestExperimentConfigIntegration::test_experiment_config_naming_preserved PASSED
tests/config/unit/test_experiment_config.py::TestExperimentConfigRealFile::test_load_real_resume_ner_baseline_config SKIPPED
tests/config/unit/test_experiment_config.py::TestExperimentConfigRealFile::test_real_resume_ner_baseline_has_all_sections SKIPPED
tests/config/unit/test_fingerprint_placeholder_fallback.py::TestFingerprintPlaceholderFallback::test_compute_fingerprints_returns_placeholders_on_import_error PASSED
tests/config/unit/test_fingerprint_placeholder_fallback.py::TestFingerprintPlaceholderFallback::test_compute_fingerprints_import_error_handling PASSED
tests/config/unit/test_fingerprint_placeholder_fallback.py::TestFingerprintPlaceholderFallback::test_placeholder_values_are_short_enough_for_naming PASSED
tests/config/unit/test_fingerprints.py::test_compute_spec_fp_deterministic PASSED
tests/config/unit/test_fingerprints.py::test_compute_spec_fp_without_seed PASSED
tests/config/unit/test_fingerprints.py::test_compute_spec_fp_different_seeds PASSED
tests/config/unit/test_fingerprints.py::test_compute_exec_fp_basic PASSED
tests/config/unit/test_fingerprints.py::test_compute_exec_fp_auto_detect PASSED
tests/config/unit/test_fingerprints.py::test_compute_exec_fp_different_precision PASSED
tests/config/unit/test_fingerprints.py::test_compute_conv_fp PASSED
tests/config/unit/test_fingerprints.py::test_compute_conv_fp_different_parents PASSED
tests/config/unit/test_fingerprints.py::test_compute_bench_fp PASSED
tests/config/unit/test_fingerprints.py::test_compute_hardware_fp PASSED
tests/config/unit/test_fingerprints.py::test_compute_hardware_fp_empty PASSED
tests/config/unit/test_mlflow_yaml.py::TestAzureMLConfiguration::test_azure_ml_enabled PASSED
tests/config/unit/test_mlflow_yaml.py::TestAzureMLConfiguration::test_azure_ml_disabled PASSED
tests/config/unit/test_mlflow_yaml.py::TestAzureMLConfiguration::test_azure_ml_workspace_name PASSED
tests/config/unit/test_mlflow_yaml.py::TestTrackingConfiguration::test_tracking_benchmark_enabled PASSED
tests/config/unit/test_mlflow_yaml.py::TestTrackingConfiguration::test_tracking_benchmark_disabled PASSED
tests/config/unit/test_mlflow_yaml.py::TestTrackingConfiguration::test_tracking_benchmark_log_artifacts PASSED
tests/config/unit/test_mlflow_yaml.py::TestTrackingConfiguration::test_tracking_training_enabled PASSED
tests/config/unit/test_mlflow_yaml.py::TestTrackingConfiguration::test_tracking_training_disabled PASSED
tests/config/unit/test_mlflow_yaml.py::TestTrackingConfiguration::test_tracking_training_log_checkpoint PASSED
tests/config/unit/test_mlflow_yaml.py::TestTrackingConfiguration::test_tracking_training_log_metrics_json PASSED
tests/config/unit/test_mlflow_yaml.py::TestTrackingConfiguration::test_tracking_conversion_enabled PASSED
tests/config/unit/test_mlflow_yaml.py::TestTrackingConfiguration::test_tracking_conversion_disabled PASSED
tests/config/unit/test_mlflow_yaml.py::TestTrackingConfiguration::test_tracking_conversion_log_onnx_model PASSED
tests/config/unit/test_mlflow_yaml.py::TestTrackingConfiguration::test_tracking_conversion_log_conversion_log PASSED
tests/config/unit/test_mlflow_yaml.py::TestNamingConfiguration::test_naming_project_name PASSED
tests/config/unit/test_mlflow_yaml.py::TestNamingConfiguration::test_naming_tags_max_length PASSED
tests/config/unit/test_mlflow_yaml.py::TestNamingConfiguration::test_naming_tags_sanitize PASSED
tests/config/unit/test_mlflow_yaml.py::TestNamingConfiguration::test_naming_run_name_max_length PASSED
tests/config/unit/test_mlflow_yaml.py::TestNamingConfiguration::test_naming_run_name_shorten_fingerprints PASSED
tests/config/unit/test_mlflow_yaml.py::TestNamingConfiguration::test_naming_run_name_auto_increment_enabled 
-------------------------------- live log call ---------------------------------
2026-01-18 16:25:50 INFO     infrastructure.naming.mlflow.config: [Auto-Increment Config] Loading from config_dir=/tmp/pytest-of-codespace/pytest-120/test_naming_run_name_auto_incr0/config, raw_auto_inc_config={'enabled': True, 'processes': {'hpo': True, 'benchmarking': True}, 'format': '{base}.{version}'}
2026-01-18 16:25:50 INFO     infrastructure.naming.mlflow.config: [Auto-Increment Config] Validated config: {'enabled': True, 'processes': {'hpo': True, 'benchmarking': True}, 'format': '{base}.{version}'}, process_type=hpo
PASSED
tests/config/unit/test_mlflow_yaml.py::TestNamingConfiguration::test_naming_run_name_auto_increment_processes_hpo 
-------------------------------- live log call ---------------------------------
2026-01-18 16:25:50 INFO     infrastructure.naming.mlflow.config: [Auto-Increment Config] Loading from config_dir=/tmp/pytest-of-codespace/pytest-120/test_naming_run_name_auto_incr1/config, raw_auto_inc_config={'enabled': True, 'processes': {'hpo': True, 'benchmarking': True}, 'format': '{base}.{version}'}
2026-01-18 16:25:50 INFO     infrastructure.naming.mlflow.config: [Auto-Increment Config] Validated config: {'enabled': True, 'processes': {'hpo': True, 'benchmarking': True}, 'format': '{base}.{version}'}, process_type=hpo
PASSED
tests/config/unit/test_mlflow_yaml.py::TestNamingConfiguration::test_naming_run_name_auto_increment_processes_benchmarking 
-------------------------------- live log call ---------------------------------
2026-01-18 16:25:50 INFO     infrastructure.naming.mlflow.config: [Auto-Increment Config] Loading from config_dir=/tmp/pytest-of-codespace/pytest-120/test_naming_run_name_auto_incr2/config, raw_auto_inc_config={'enabled': True, 'processes': {'hpo': True, 'benchmarking': True}, 'format': '{base}.{version}'}
2026-01-18 16:25:50 INFO     infrastructure.naming.mlflow.config: [Auto-Increment Config] Validated config: {'enabled': True, 'processes': {'hpo': True, 'benchmarking': True}, 'format': '{base}.{version}'}, process_type=benchmarking
PASSED
tests/config/unit/test_mlflow_yaml.py::TestNamingConfiguration::test_naming_run_name_auto_increment_format 
-------------------------------- live log call ---------------------------------
2026-01-18 16:25:50 INFO     infrastructure.naming.mlflow.config: [Auto-Increment Config] Loading from config_dir=/tmp/pytest-of-codespace/pytest-120/test_naming_run_name_auto_incr3/config, raw_auto_inc_config={'enabled': True, 'processes': {'hpo': True, 'benchmarking': True}, 'format': '{base}.{version}'}
2026-01-18 16:25:50 INFO     infrastructure.naming.mlflow.config: [Auto-Increment Config] Validated config: {'enabled': True, 'processes': {'hpo': True, 'benchmarking': True}, 'format': '{base}.{version}'}, process_type=hpo
PASSED
tests/config/unit/test_mlflow_yaml.py::TestIndexConfiguration::test_index_enabled PASSED
tests/config/unit/test_mlflow_yaml.py::TestIndexConfiguration::test_index_disabled PASSED
tests/config/unit/test_mlflow_yaml.py::TestIndexConfiguration::test_index_max_entries PASSED
tests/config/unit/test_mlflow_yaml.py::TestIndexConfiguration::test_index_file_name PASSED
tests/config/unit/test_mlflow_yaml.py::TestRunFinderConfiguration::test_run_finder_strict_mode_default_true PASSED
tests/config/unit/test_mlflow_yaml.py::TestRunFinderConfiguration::test_run_finder_strict_mode_default_false PASSED
tests/config/unit/test_model_config.py::TestModelConfigLoading::test_load_distilbert_config PASSED
tests/config/unit/test_model_config.py::TestModelConfigLoading::test_load_distilroberta_config PASSED
tests/config/unit/test_model_config.py::TestModelConfigLoading::test_load_deberta_config PASSED
tests/config/unit/test_model_config.py::TestModelConfigOptions::test_backbone_option PASSED
tests/config/unit/test_model_config.py::TestModelConfigOptions::test_tokenizer_option PASSED
tests/config/unit/test_model_config.py::TestModelConfigOptions::test_preprocessing_sequence_length PASSED
tests/config/unit/test_model_config.py::TestModelConfigOptions::test_preprocessing_max_length PASSED
tests/config/unit/test_model_config.py::TestModelConfigOptions::test_preprocessing_tokenization PASSED
tests/config/unit/test_model_config.py::TestModelConfigOptions::test_preprocessing_replace_rare_with_unk PASSED
tests/config/unit/test_model_config.py::TestModelConfigOptions::test_preprocessing_unk_frequency_threshold PASSED
tests/config/unit/test_model_config.py::TestModelConfigOptions::test_preprocessing_keep_stopwords PASSED
tests/config/unit/test_model_config.py::TestModelConfigOptions::test_decoding_use_crf PASSED
tests/config/unit/test_model_config.py::TestModelConfigOptions::test_decoding_crf_learning_rate PASSED
tests/config/unit/test_model_config.py::TestModelConfigOptions::test_loss_use_class_weights PASSED
tests/config/unit/test_model_config.py::TestModelConfigOptions::test_loss_class_weight_smoothing PASSED
tests/config/unit/test_model_config.py::TestModelConfigOptions::test_loss_ignore_index PASSED
tests/config/unit/test_model_config.py::TestModelConfigIntegration::test_model_config_via_experiment_config PASSED
tests/config/unit/test_model_config.py::TestModelConfigIntegration::test_model_config_in_training_config_building PASSED
tests/config/unit/test_model_config.py::TestModelConfigValidation::test_model_config_missing_sections PASSED
tests/config/unit/test_model_config.py::TestModelConfigValidation::test_model_config_partial_preprocessing PASSED
tests/config/unit/test_model_config.py::TestModelConfigValidation::test_model_config_partial_decoding PASSED
tests/config/unit/test_model_config.py::TestModelConfigValidation::test_model_config_partial_loss PASSED
tests/config/unit/test_model_config.py::TestModelConfigValidation::test_model_config_numeric_types PASSED
tests/config/unit/test_model_config.py::TestModelConfigValidation::test_model_config_boolean_types PASSED
tests/config/unit/test_model_config.py::TestModelConfigRealFiles::test_load_real_distilbert_config PASSED
tests/config/unit/test_model_config.py::TestModelConfigRealFiles::test_load_real_distilroberta_config PASSED
tests/config/unit/test_model_config.py::TestModelConfigRealFiles::test_load_real_deberta_config PASSED
[...]
2026-01-18 16:26:17 WARNI [training.hpo.execution.local.sweep_original] [REFIT] No refit_run_id available to mark as FINISHED
2026/01/18 16:26:17 INFO mlflow.tracking.fluent: Experiment with name 'test-experiment' does not exist. Creating a new experiment.
2026/01/18 16:26:17 INFO mlflow.tracking.fluent: Experiment with name 'test-benchmark-experiment' does not exist. Creating a new experiment.
2026/01/18 16:26:17 ERROR mlflow.store.db.utils: SQLAlchemy database error. The following exception is caught.
(raised as a result of Query-invoked autoflush; consider using a session.no_autoflush block if this flush is occurring prematurely)
(sqlite3.OperationalError) attempt to write a readonly database
[SQL: INSERT INTO experiments (name, artifact_location, lifecycle_stage, creation_time, last_update_time) VALUES (?, ?, ?, ?, ?)]
[parameters: ('test-benchmark-experiment', None, 'active', 1768753577640, 1768753577640)]
(Background on this error at: https://sqlalche.me/e/20/e3q8)
Traceback (most recent call last):
  File "/opt/conda/envs/resume-ner-training/lib/python3.10/site-packages/sqlalchemy/engine/base.py", line 1967, in _exec_single_context
    self.dialect.do_execute(
  File "/opt/conda/envs/resume-ner-training/lib/python3.10/site-packages/sqlalchemy/engine/default.py", line 952, in do_execute
    cursor.execute(statement, parameters)
sqlite3.OperationalError: attempt to write a readonly database

The above exception was the direct cause of the following exception:

Traceback (most recent call last):
  File "/opt/conda/envs/resume-ner-training/lib/python3.10/site-packages/mlflow/store/db/utils.py", line 160, in make_managed_session
    yield session
  File "/opt/conda/envs/resume-ner-training/lib/python3.10/site-packages/mlflow/store/tracking/sqlalchemy_store.py", line 350, in create_experiment
    eid = session.query(SqlExperiment).filter_by(name=name).first().experiment_id
  File "/opt/conda/envs/resume-ner-training/lib/python3.10/site-packages/sqlalchemy/orm/query.py", line 2759, in first
    return self.limit(1)._iter().first()  # type: ignore
  File "/opt/conda/envs/resume-ner-training/lib/python3.10/site-packages/sqlalchemy/orm/query.py", line 2857, in _iter
    result: Union[ScalarResult[_T], Result[_T]] = self.session.execute(
  File "/opt/conda/envs/resume-ner-training/lib/python3.10/site-packages/sqlalchemy/orm/session.py", line 2351, in execute
    return self._execute_internal(
  File "/opt/conda/envs/resume-ner-training/lib/python3.10/site-packages/sqlalchemy/orm/session.py", line 2228, in _execute_internal
    ) = compile_state_cls.orm_pre_session_exec(
  File "/opt/conda/envs/resume-ner-training/lib/python3.10/site-packages/sqlalchemy/orm/context.py", line 577, in orm_pre_session_exec
    session._autoflush()
  File "/opt/conda/envs/resume-ner-training/lib/python3.10/site-packages/sqlalchemy/orm/session.py", line 3051, in _autoflush
    raise e.with_traceback(sys.exc_info()[2])
  File "/opt/conda/envs/resume-ner-training/lib/python3.10/site-packages/sqlalchemy/orm/session.py", line 3040, in _autoflush
    self.flush()
  File "/opt/conda/envs/resume-ner-training/lib/python3.10/site-packages/sqlalchemy/orm/session.py", line 4331, in flush
    self._flush(objects)
  File "/opt/conda/envs/resume-ner-training/lib/python3.10/site-packages/sqlalchemy/orm/session.py", line 4466, in _flush
    with util.safe_reraise():
  File "/opt/conda/envs/resume-ner-training/lib/python3.10/site-packages/sqlalchemy/util/langhelpers.py", line 224, in __exit__
    raise exc_value.with_traceback(exc_tb)
  File "/opt/conda/envs/resume-ner-training/lib/python3.10/site-packages/sqlalchemy/orm/session.py", line 4427, in _flush
    flush_context.execute()
  File "/opt/conda/envs/resume-ner-training/lib/python3.10/site-packages/sqlalchemy/orm/unitofwork.py", line 466, in execute
    rec.execute(self)
  File "/opt/conda/envs/resume-ner-training/lib/python3.10/site-packages/sqlalchemy/orm/unitofwork.py", line 642, in execute
    util.preloaded.orm_persistence.save_obj(
  File "/opt/conda/envs/resume-ner-training/lib/python3.10/site-packages/sqlalchemy/orm/persistence.py", line 93, in save_obj
    _emit_insert_statements(
  File "/opt/conda/envs/resume-ner-training/lib/python3.10/site-packages/sqlalchemy/orm/persistence.py", line 1233, in _emit_insert_statements
    result = connection.execute(
  File "/opt/conda/envs/resume-ner-training/lib/python3.10/site-packages/sqlalchemy/engine/base.py", line 1419, in execute
    return meth(
  File "/opt/conda/envs/resume-ner-training/lib/python3.10/site-packages/sqlalchemy/sql/elements.py", line 527, in _execute_on_connection
    return connection._execute_clauseelement(
  File "/opt/conda/envs/resume-ner-training/lib/python3.10/site-packages/sqlalchemy/engine/base.py", line 1641, in _execute_clauseelement
    ret = self._execute_context(
  File "/opt/conda/envs/resume-ner-training/lib/python3.10/site-packages/sqlalchemy/engine/base.py", line 1846, in _execute_context
    return self._exec_single_context(
  File "/opt/conda/envs/resume-ner-training/lib/python3.10/site-packages/sqlalchemy/engine/base.py", line 1986, in _exec_single_context
    self._handle_dbapi_exception(
  File "/opt/conda/envs/resume-ner-training/lib/python3.10/site-packages/sqlalchemy/engine/base.py", line 2363, in _handle_dbapi_exception
    raise sqlalchemy_exception.with_traceback(exc_info[2]) from e
  File "/opt/conda/envs/resume-ner-training/lib/python3.10/site-packages/sqlalchemy/engine/base.py", line 1967, in _exec_single_context
    self.dialect.do_execute(
  File "/opt/conda/envs/resume-ner-training/lib/python3.10/site-packages/sqlalchemy/engine/default.py", line 952, in do_execute
    cursor.execute(statement, parameters)
sqlalchemy.exc.OperationalError: (raised as a result of Query-invoked autoflush; consider using a session.no_autoflush block if this flush is occurring prematurely)
(sqlite3.OperationalError) attempt to write a readonly database
[SQL: INSERT INTO experiments (name, artifact_location, lifecycle_stage, creation_time, last_update_time) VALUES (?, ?, ?, ?, ?)]
[parameters: ('test-benchmark-experiment', None, 'active', 1768753577640, 1768753577640)]
(Background on this error at: https://sqlalche.me/e/20/e3q8)
2026-01-18 16:26:17,641 - infrastructure.tracking.mlflow.trackers.base_tracker - WARNING - Could not set MLflow experiment: (raised as a result of Query-invoked autoflush; consider using a session.no_autoflush block if this flush is occurring prematurely)
(sqlite3.OperationalError) attempt to write a readonly database
[SQL: INSERT INTO experiments (name, artifact_location, lifecycle_stage, creation_time, last_update_time) VALUES (?, ?, ?, ?, ?)]
[parameters: ('test-benchmark-experiment', None, 'active', 1768753577640, 1768753577640)]
(Background on this error at: https://sqlalche.me/e/20/e3q8)
2026-01-18 16:26:17 WARNI [infrastructure.tracking.mlflow.trackers.base_tracker] Could not set MLflow experiment: (raised as a result of Query-invoked autoflush; consider using a session.no_autoflush block if this flush is occurring prematurely)
(sqlite3.OperationalError) attempt to write a readonly database
[SQL: INSERT INTO experiments (name, artifact_location, lifecycle_stage, creation_time, last_update_time) VALUES (?, ?, ?, ?, ?)]
[parameters: ('test-benchmark-experiment', None, 'active', 1768753577640, 1768753577640)]
(Background on this error at: https://sqlalche.me/e/20/e3q8)
2026-01-18 16:26:17,641 - infrastructure.tracking.mlflow.trackers.base_tracker - WARNING - Continuing without MLflow tracking...
2026-01-18 16:26:17 WARNI [infrastructure.tracking.mlflow.trackers.base_tracker] Continuing without MLflow tracking...
2026-01-18 16:26:17,660 - evaluation.benchmarking.orchestrator_original - INFO - Benchmarking distilbert (bbbbbbbbbbbbbbbb)...
2026-01-18 16:26:17 INFO  [evaluation.benchmarking.orchestrator_original] Benchmarking distilbert (bbbbbbbbbbbbbbbb)...
2026-01-18 16:26:17,660 - evaluation.benchmarking.orchestrator_original - INFO - [BENCHMARK] Final run IDs: trial=None..., refit=trial-run-12..., sweep=None...
2026-01-18 16:26:17 INFO  [evaluation.benchmarking.orchestrator_original] [BENCHMARK] Final run IDs: trial=None..., refit=trial-run-12..., sweep=None...
2026-01-18 16:26:17,660 - evaluation.benchmarking.utils - INFO - Running benchmark script: /opt/conda/envs/resume-ner-training/bin/python -u /workspaces/resume-ner-azureml/src/evaluation/benchmarking/cli.py --checkpoint /workspaces/resume-ner-azureml/outputs/hpo/local/distilbert/study-aaaaaaaa/trial-bbbbbbbb/refit/checkpoint --test-data /tmp/pytest-of-codespace/pytest-120/test_benchmarking_execution_mo0/dataset_tiny/seed0/test.json --batch-sizes 1 --iterations 10 --warmup 10 --max-length 512 --output /workspaces/resume-ner-azureml/outputs/benchmarking/local/distilbert/study-df9d920c/trial-bbbbbbbb/bench-fcfe0227/benchmark.json
2026-01-18 16:26:17 INFO  [evaluation.benchmarking.utils] Running benchmark script: /opt/conda/envs/resume-ner-training/bin/python -u /workspaces/resume-ner-azureml/src/evaluation/benchmarking/cli.py --checkpoint /workspaces/resume-ner-azureml/outputs/hpo/local/distilbert/study-aaaaaaaa/trial-bbbbbbbb/refit/checkpoint --test-data /tmp/pytest-of-codespace/pytest-120/test_benchmarking_execution_mo0/dataset_tiny/seed0/test.json --batch-sizes 1 --iterations 10 --warmup 10 --max-length 512 --output /workspaces/resume-ner-azureml/outputs/benchmarking/local/distilbert/study-df9d920c/trial-bbbbbbbb/bench-fcfe0227/benchmark.json
2026-01-18 16:26:17,660 - evaluation.benchmarking.utils - INFO - [Benchmark Run Name] Building run name: trial_id=bbbbbbbbbbbbbbbb, root_dir=/workspaces/resume-ner-azureml, config_dir=/workspaces/resume-ner-azureml/config
2026-01-18 16:26:17 INFO  [evaluation.benchmarking.utils] [Benchmark Run Name] Building run name: trial_id=bbbbbbbbbbbbbbbb, root_dir=/workspaces/resume-ner-azureml, config_dir=/workspaces/resume-ner-azureml/config
2026-01-18 16:26:17,661 - infrastructure.naming.mlflow.config - INFO - [Auto-Increment Config] Loading from config_dir=/workspaces/resume-ner-azureml/config, raw_auto_inc_config={'enabled': True, 'processes': {'hpo': True, 'benchmarking': True}, 'format': '{base}.{version}'}
2026-01-18 16:26:17 INFO  [infrastructure.naming.mlflow.config] [Auto-Increment Config] Loading from config_dir=/workspaces/resume-ner-azureml/config, raw_auto_inc_config={'enabled': True, 'processes': {'hpo': True, 'benchmarking': True}, 'format': '{base}.{version}'}
2026-01-18 16:26:17,661 - infrastructure.naming.mlflow.config - INFO - [Auto-Increment Config] Validated config: {'enabled': True, 'processes': {'hpo': True, 'benchmarking': True}, 'format': '{base}.{version}'}, process_type=benchmarking
2026-01-18 16:26:17 INFO  [infrastructure.naming.mlflow.config] [Auto-Increment Config] Validated config: {'enabled': True, 'processes': {'hpo': True, 'benchmarking': True}, 'format': '{base}.{version}'}, process_type=benchmarking
2026-01-18 16:26:17,661 - infrastructure.tracking.mlflow.index.version_counter - INFO - [Reserve Version] Starting reservation: counter_key=resume-ner:benchmarking:038f1ba4748276ba5c84467fe877faf9da74..., root_dir=/workspaces/resume-ner-azureml, config_dir=/workspaces/resume-ner-azureml/config, counter_path=/workspaces/resume-ner-azureml/outputs/cache/run_name_counter.json
2026-01-18 16:26:17 INFO  [infrastructure.tracking.mlflow.index.version_counter] [Reserve Version] Starting reservation: counter_key=resume-ner:benchmarking:038f1ba4748276ba5c84467fe877faf9da74..., root_dir=/workspaces/resume-ner-azureml, config_dir=/workspaces/resume-ner-azureml/config, counter_path=/workspaces/resume-ner-azureml/outputs/cache/run_name_counter.json
2026-01-18 16:26:17,661 - infrastructure.tracking.mlflow.index.version_counter - INFO - [Reserve Version] Loaded 33 existing allocations from /workspaces/resume-ner-azureml/outputs/cache/run_name_counter.json
2026-01-18 16:26:17 INFO  [infrastructure.tracking.mlflow.index.version_counter] [Reserve Version] Loaded 33 existing allocations from /workspaces/resume-ner-azureml/outputs/cache/run_name_counter.json
2026-01-18 16:26:17,661 - infrastructure.tracking.mlflow.index.version_counter - INFO - [Reserve Version] Found 0 allocations for counter_key (after deduplication): committed=[], reserved=[], expired=[], max_committed_version=0
2026-01-18 16:26:17 INFO  [infrastructure.tracking.mlflow.index.version_counter] [Reserve Version] Found 0 allocations for counter_key (after deduplication): committed=[], reserved=[], expired=[], max_committed_version=0
2026-01-18 16:26:17,661 - infrastructure.tracking.mlflow.index.version_counter - INFO - [Reserve Version] Reserving next version: 1 (incremented from max_committed=0, skipped 0 reserved/expired versions)
2026-01-18 16:26:17 INFO  [infrastructure.tracking.mlflow.index.version_counter] [Reserve Version] Reserving next version: 1 (incremented from max_committed=0, skipped 0 reserved/expired versions)
2026-01-18 16:26:17,662 - infrastructure.tracking.mlflow.index.version_counter - INFO - [Reserve Version] ✓ Successfully reserved version 1 for counter_key resume-ner:benchmarking:038f1ba4748276ba5c84467fe8... (run_id: pending_2026...)
2026-01-18 16:26:17 INFO  [infrastructure.tracking.mlflow.index.version_counter] [Reserve Version] ✓ Successfully reserved version 1 for counter_key resume-ner:benchmarking:038f1ba4748276ba5c84467fe8... (run_id: pending_2026...)
2026-01-18 16:26:17,662 - evaluation.benchmarking.utils - INFO - [Benchmark Run Name] Generated run name: local_distilbert_benchmark_study-df9d920c_trial-bbbbbbbb_bench-fcfe0227_1
2026-01-18 16:26:17 INFO  [evaluation.benchmarking.utils] [Benchmark Run Name] Generated run name: local_distilbert_benchmark_study-df9d920c_trial-bbbbbbbb_bench-fcfe0227_1
2026-01-18 16:26:17,662 - infrastructure.tracking.mlflow.trackers.benchmark_tracker - WARNING - [START_BENCHMARK_RUN] No valid parent run IDs found. Received: trial=None, refit=trial-run-123, sweep=None. These may be timestamps or None - will query MLflow if trial_key_hash available.
2026-01-18 16:26:17 WARNI [infrastructure.tracking.mlflow.trackers.benchmark_tracker] [START_BENCHMARK_RUN] No valid parent run IDs found. Received: trial=None, refit=trial-run-123, sweep=None. These may be timestamps or None - will query MLflow if trial_key_hash available.
2026-01-18 16:26:17,671 - infrastructure.tracking.mlflow.trackers.benchmark_tracker - WARNING - MLflow tracking failed: No Experiment with id=781293509508769937 exists
2026-01-18 16:26:17 WARNI [infrastructure.tracking.mlflow.trackers.benchmark_tracker] MLflow tracking failed: No Experiment with id=781293509508769937 exists
2026-01-18 16:26:17,671 - infrastructure.tracking.mlflow.trackers.benchmark_tracker - WARNING - Continuing benchmarking without MLflow tracking...
2026-01-18 16:26:17 WARNI [infrastructure.tracking.mlflow.trackers.benchmark_tracker] Continuing benchmarking without MLflow tracking...
2026-01-18 16:26:17,677 - infrastructure.tracking.mlflow.trackers.benchmark_tracker - WARNING - Could not log benchmark results to MLflow: No Experiment with id=781293509508769937 exists
2026-01-18 16:26:17 WARNI [infrastructure.tracking.mlflow.trackers.benchmark_tracker] Could not log benchmark results to MLflow: No Experiment with id=781293509508769937 exists
2026-01-18 16:26:17,677 - evaluation.benchmarking.orchestrator_original - INFO - Benchmark completed: /workspaces/resume-ner-azureml/outputs/benchmarking/local/distilbert/study-df9d920c/trial-bbbbbbbb/bench-fcfe0227/benchmark.json
2026-01-18 16:26:17 INFO  [evaluation.benchmarking.orchestrator_original] Benchmark completed: /workspaces/resume-ner-azureml/outputs/benchmarking/local/distilbert/study-df9d920c/trial-bbbbbbbb/bench-fcfe0227/benchmark.json
2026-01-18 16:26:17,677 - evaluation.benchmarking.orchestrator_original - INFO - Benchmarking complete. 1/1 trials benchmarked.
2026-01-18 16:26:17 INFO  [evaluation.benchmarking.orchestrator_original] Benchmarking complete. 1/1 trials benchmarked.
2026-01-18 16:26:17,749 - deployment.conversion.orchestration - INFO - Output directory: /workspaces/resume-ner-azureml/outputs/conversion/local/local/spec-aaaaaaaa_exec-bbbbbbbb/v1/conv-cd2379f5
2026-01-18 16:26:17 INFO  [deployment.conversion.orchestration] Output directory: /workspaces/resume-ner-azureml/outputs/conversion/local/local/spec-aaaaaaaa_exec-bbbbbbbb/v1/conv-cd2379f5
2026/01/18 16:26:17 INFO mlflow.tracking.fluent: Experiment with name 'resume_ner_baseline-conversion' does not exist. Creating a new experiment.
2026-01-18 16:26:17,752 - infrastructure.naming.mlflow.config - INFO - [Auto-Increment Config] Loading from config_dir=/workspaces/resume-ner-azureml/config, raw_auto_inc_config={'enabled': True, 'processes': {'hpo': True, 'benchmarking': True}, 'format': '{base}.{version}'}
2026-01-18 16:26:17 INFO  [infrastructure.naming.mlflow.config] [Auto-Increment Config] Loading from config_dir=/workspaces/resume-ner-azureml/config, raw_auto_inc_config={'enabled': True, 'processes': {'hpo': True, 'benchmarking': True}, 'format': '{base}.{version}'}
2026-01-18 16:26:17,752 - infrastructure.naming.mlflow.config - INFO - [Auto-Increment Config] Validated config: {'enabled': True, 'processes': {'hpo': True, 'benchmarking': True}, 'format': '{base}.{version}'}, process_type=conversion
2026-01-18 16:26:17 INFO  [infrastructure.naming.mlflow.config] [Auto-Increment Config] Validated config: {'enabled': True, 'processes': {'hpo': True, 'benchmarking': True}, 'format': '{base}.{version}'}, process_type=conversion
2026-01-18 16:26:17,755 - deployment.conversion.orchestration - INFO - Created MLflow run: local_local_conversion_spec-aaaaaaaa_exec-bbbbbbbb_v1_conv-cd2379f5 (run-123...)
2026-01-18 16:26:17 INFO  [deployment.conversion.orchestration] Created MLflow run: local_local_conversion_spec-aaaaaaaa_exec-bbbbbbbb_v1_conv-cd2379f5 (run-123...)
2026-01-18 16:26:17,755 - deployment.conversion.orchestration - INFO - Running conversion: /opt/conda/envs/resume-ner-training/bin/python -m deployment.conversion.execution --checkpoint-path /tmp/pytest-of-codespace/pytest-120/test_best_config_selection_e2e0/final_training/local/distilbert/spec-aaaaaaaa_exec-bbbbbbbb/v1/checkpoint --config-dir /workspaces/resume-ner-azureml/config --backbone local --output-dir /workspaces/resume-ner-azureml/outputs/conversion/local/local/spec-aaaaaaaa_exec-bbbbbbbb/v1/conv-cd2379f5 --opset-version 18 --run-smoke-test
2026-01-18 16:26:17 INFO  [deployment.conversion.orchestration] Running conversion: /opt/conda/envs/resume-ner-training/bin/python -m deployment.conversion.execution --checkpoint-path /tmp/pytest-of-codespace/pytest-120/test_best_config_selection_e2e0/final_training/local/distilbert/spec-aaaaaaaa_exec-bbbbbbbb/v1/checkpoint --config-dir /workspaces/resume-ner-azureml/config --backbone local --output-dir /workspaces/resume-ner-azureml/outputs/conversion/local/local/spec-aaaaaaaa_exec-bbbbbbbb/v1/conv-cd2379f5 --opset-version 18 --run-smoke-test
2026-01-18 16:26:17,756 - infrastructure.tracking.mlflow.lifecycle - INFO - Run run-123... already terminated with status <Mock name='mock.get_run().info.status' id='123304024103312'> (expected FINISHED)
2026-01-18 16:26:17 INFO  [infrastructure.tracking.mlflow.lifecycle] Run run-123... already terminated with status <Mock name='mock.get_run().info.status' id='123304024103312'> (expected FINISHED)
2026-01-18 16:26:17,756 - deployment.conversion.orchestration - INFO - Conversion completed. ONNX model: /workspaces/resume-ner-azureml/outputs/conversion/local/local/spec-aaaaaaaa_exec-bbbbbbbb/v1/conv-cd2379f5/model_fp32.onnx
2026-01-18 16:26:17 INFO  [deployment.conversion.orchestration] Conversion completed. ONNX model: /workspaces/resume-ner-azureml/outputs/conversion/local/local/spec-aaaaaaaa_exec-bbbbbbbb/v1/conv-cd2379f5/model_fp32.onnx

ERROR conda.cli.main_run:execute(127): `conda run pytest tests/ --tb=short -q` failed. (See above for error)

